#
# A fatal error has been detected by the Java Runtime Environment:
#
#  EXCEPTION_ACCESS_VIOLATION (0xc0000005) at pc=0x00007ffea35dc346, pid=17836, tid=8456
#
# JRE version: Java(TM) SE Runtime Environment 18.9 (11.0.8+10) (build 11.0.8+10-LTS)
# Java VM: Java HotSpot(TM) 64-Bit Server VM 18.9 (11.0.8+10-LTS, mixed mode, tiered, compressed oops, g1 gc, windows-amd64)
# Problematic frame:
# C  [ntdll.dll+0x2c346]
#
# No core dump will be written. Minidumps are not enabled by default on client versions of Windows
#
# If you would like to submit a bug report, please visit:
#   https://bugreport.java.com/bugreport/crash.jsp
# The crash happened outside the Java Virtual Machine in native code.
# See problematic frame for where to report the bug.
#

---------------  S U M M A R Y ------------

Command Line: -Dfile.encoding=UTF-8 dk.sebsa.ironflask.sandbox.Main

Host: AMD Ryzen 5 1400 Quad-Core Processor           , 8 cores, 7G,  Windows 10 , 64 bit Build 21296 (10.0.21296.1000)
Time: Fri Mar 26 13:17:03 2021 Rom, normaltid elapsed time: 4 seconds (0d 0h 0m 4s)

---------------  T H R E A D  ---------------

Current thread (0x00000163f102c000):  JavaThread "main" [_thread_in_native, id=8456, stack(0x00000011e2f00000,0x00000011e3000000)]

Stack: [0x00000011e2f00000,0x00000011e3000000],  sp=0x00000011e2ffeb50,  free space=1018k
Native frames: (J=compiled Java code, j=interpreted, Vv=VM code, C=native code)
C  [ntdll.dll+0x2c346]
C  [ntdll.dll+0x2af81]
C  [lwjgl.dll+0x2a1b8]

Java frames: (J=compiled Java code, j=interpreted, Vv=VM code)
j  org.lwjgl.system.libc.LibCStdlib.nfree(J)V+0
j  org.lwjgl.system.MemoryManage$StdlibAllocator.free(J)V+1
j  org.lwjgl.system.MemoryUtil.nmemFree(J)V+4
j  org.lwjgl.system.MemoryUtil.memFree(Ljava/nio/Buffer;)V+14
j  dk.sebsa.ironflask.engine.audio.AudioClip.cleanup()V+18
j  dk.sebsa.ironflask.engine.audio.AudioManager.clear()V+78
j  dk.sebsa.ironflask.engine.audio.AudioManager.cleanup()V+1
J 981% c1 dk.sebsa.ironflask.engine.Application.run()V (119 bytes) @ 0x000001638075b914 [0x000001638075b140+0x00000000000007d4]
j  dk.sebsa.ironflask.sandbox.Main.main([Ljava/lang/String;)V+55
v  ~StubRoutines::call_stub

siginfo: EXCEPTION_ACCESS_VIOLATION (0xc0000005), reading address 0x000001639ab2c03f


Register to memory mapping:

RIP=0x00007ffea35dc346 ntdll.dll
RAX=0x0 is NULL
RBX=0x000001639ab2c030 is an unknown value
RCX=0x00000163eee00000 points into unknown readable memory: 00 00 00 00 00 00 00 00
RDX=0x000001639ab2c040 is an unknown value
RSP=0x00000011e2ffeb50 is pointing into the stack for thread: 0x00000163f102c000
RBP=0x00000011e2ffecf8 is pointing into the stack for thread: 0x00000163f102c000
RSI=0x00000163eee00000 points into unknown readable memory: 00 00 00 00 00 00 00 00
RDI=0x0 is NULL
R8 =0x0 is NULL
R9 =0x0 is NULL
R10=0x000001638000f008 is at code_begin+1000 in an Interpreter codelet
method entry point (kind = native)  [0x000001638000ec20, 0x000001638000f780]  2912 bytes
R11=0x000000008769cfb8 is an oop: java.lang.Class 
{0x000000008769cfb8} - klass: 'java/lang/Class'
R12=0x0 is NULL
R13=0x0 is NULL
R14=0x000001639ab2c040 is an unknown value
R15=0x0 is NULL


Registers:
RAX=0x0000000000000000, RBX=0x000001639ab2c030, RCX=0x00000163eee00000, RDX=0x000001639ab2c040
RSP=0x00000011e2ffeb50, RBP=0x00000011e2ffecf8, RSI=0x00000163eee00000, RDI=0x0000000000000000
R8 =0x0000000000000000, R9 =0x0000000000000000, R10=0x000001638000f008, R11=0x000000008769cfb8
R12=0x0000000000000000, R13=0x0000000000000000, R14=0x000001639ab2c040, R15=0x0000000000000000
RIP=0x00007ffea35dc346, EFLAGS=0x0000000000010246

Top of Stack: (sp=0x00000011e2ffeb50)
0x00000011e2ffeb50:   0000000000000000 0000000000000000
0x00000011e2ffeb60:   0000000000000000 0000000000000000
0x00000011e2ffeb70:   0000000000000000 0000000000000000
0x00000011e2ffeb80:   0000000000000000 0000000000000000
0x00000011e2ffeb90:   0000000000000000 0000000000000000
0x00000011e2ffeba0:   0000000000000000 0000000000000000
0x00000011e2ffebb0:   0000000000000000 0000000000000000
0x00000011e2ffebc0:   0000000000000000 0000000000000000
0x00000011e2ffebd0:   0000000000000000 0000000000000000
0x00000011e2ffebe0:   00000163f102c000 00000011e2ffed20
0x00000011e2ffebf0:   00000163ffb8b2e8 0000000000000000
0x00000011e2ffec00:   000001639ab2c040 00007ffea35daf81
0x00000011e2ffec10:   000001639ab2c030 00000163eee00000
0x00000011e2ffec20:   0000000000000000 00007ffe32774236
0x00000011e2ffec30:   0000000000000000 000001638068ddb4
0x00000011e2ffec40:   0000016380009e03 00007ffe683aa1b8 

Instructions: (pc=0x00007ffea35dc346)
0x00007ffea35dc326:   c6 ec ff ff 85 c0 0f 84 aa fb ff ff e9 d1 51 08
0x00007ffea35dc336:   00 48 8d 5a f0 48 89 9c 24 c0 00 00 00 0f 0d 0b
0x00007ffea35dc346:   80 7b 0f 05 75 13 0f b6 43 0e 48 c1 e0 04 48 2b
0x00007ffea35dc356:   d8 48 89 9c 24 c0 00 00 00 f6 43 0f 3f 0f 85 5c 


Stack slot to memory mapping:
stack at sp + 0 slots: 0x0 is NULL
stack at sp + 1 slots: 0x0 is NULL
stack at sp + 2 slots: 0x0 is NULL
stack at sp + 3 slots: 0x0 is NULL
stack at sp + 4 slots: 0x0 is NULL
stack at sp + 5 slots: 0x0 is NULL
stack at sp + 6 slots: 0x0 is NULL
stack at sp + 7 slots: 0x0 is NULL


---------------  P R O C E S S  ---------------

Threads class SMR info:
_java_thread_list=0x000001639312b410, length=10, elements={
0x00000163f102c000, 0x00000163fed58800, 0x00000163fed61800, 0x00000163fed6e800,
0x00000163fed6f000, 0x00000163fed70000, 0x00000163fed73000, 0x00000163ff6e7000,
0x00000163ff845800, 0x00000163ff852800
}

Java Threads: ( => current thread )
=>0x00000163f102c000 JavaThread "main" [_thread_in_native, id=8456, stack(0x00000011e2f00000,0x00000011e3000000)]
  0x00000163fed58800 JavaThread "Reference Handler" daemon [_thread_blocked, id=8060, stack(0x00000011e3600000,0x00000011e3700000)]
  0x00000163fed61800 JavaThread "Finalizer" daemon [_thread_blocked, id=12308, stack(0x00000011e3700000,0x00000011e3800000)]
  0x00000163fed6e800 JavaThread "Signal Dispatcher" daemon [_thread_blocked, id=22144, stack(0x00000011e3800000,0x00000011e3900000)]
  0x00000163fed6f000 JavaThread "Attach Listener" daemon [_thread_blocked, id=16916, stack(0x00000011e3900000,0x00000011e3a00000)]
  0x00000163fed70000 JavaThread "C2 CompilerThread0" daemon [_thread_blocked, id=11300, stack(0x00000011e3a00000,0x00000011e3b00000)]
  0x00000163fed73000 JavaThread "C1 CompilerThread0" daemon [_thread_blocked, id=20120, stack(0x00000011e3b00000,0x00000011e3c00000)]
  0x00000163ff6e7000 JavaThread "Sweeper thread" daemon [_thread_blocked, id=10892, stack(0x00000011e3c00000,0x00000011e3d00000)]
  0x00000163ff845800 JavaThread "Service Thread" daemon [_thread_blocked, id=7740, stack(0x00000011e3d00000,0x00000011e3e00000)]
  0x00000163ff852800 JavaThread "Common-Cleaner" daemon [_thread_blocked, id=15732, stack(0x00000011e3f00000,0x00000011e4000000)]

Other Threads:
  0x00000163fed36000 VMThread "VM Thread" [stack: 0x00000011e3500000,0x00000011e3600000] [id=21776]
  0x00000163ff84d800 WatcherThread [stack: 0x00000011e3e00000,0x00000011e3f00000] [id=22032]
  0x00000163f1043800 GCTaskThread "GC Thread#0" [stack: 0x00000011e3000000,0x00000011e3100000] [id=12464]
  0x00000163931fe000 GCTaskThread "GC Thread#1" [stack: 0x00000011e4600000,0x00000011e4700000] [id=2288]
  0x0000016393250800 GCTaskThread "GC Thread#2" [stack: 0x00000011e4700000,0x00000011e4800000] [id=10604]
  0x00000163f1073800 ConcurrentGCThread "G1 Main Marker" [stack: 0x00000011e3100000,0x00000011e3200000] [id=13680]
  0x00000163f1075000 ConcurrentGCThread "G1 Conc#0" [stack: 0x00000011e3200000,0x00000011e3300000] [id=7344]
  0x00000163feba2800 ConcurrentGCThread "G1 Refine#0" [stack: 0x00000011e3300000,0x00000011e3400000] [id=11660]
  0x00000163f10fd000 ConcurrentGCThread "G1 Young RemSet Sampling" [stack: 0x00000011e3400000,0x00000011e3500000] [id=3036]

Threads with active compile tasks:

VM state:not at safepoint (normal execution)

VM Mutex/Monitor currently owned by a thread: None

Heap address: 0x0000000081000000, size: 2032 MB, Compressed Oops mode: 32-bit
Narrow klass base: 0x0000000000000000, Narrow klass shift: 3
Compressed class space size: 1073741824 Address: 0x0000000100000000

Heap:
 garbage-first heap   total 131072K, used 5083K [0x0000000081000000, 0x0000000100000000)
  region size 1024K, 6 young (6144K), 3 survivors (3072K)
 Metaspace       used 17235K, capacity 17454K, committed 17792K, reserved 1064960K
  class space    used 1227K, capacity 1309K, committed 1408K, reserved 1048576K
Heap Regions: E=young(eden), S=young(survivor), O=old, HS=humongous(starts), HC=humongous(continues), CS=collection set, F=free, A=archive, TAMS=top-at-mark-start (previous, next)
|   0|0x0000000081000000, 0x0000000081000000, 0x0000000081100000|  0%| F|  |TAMS 0x0000000081000000, 0x0000000081000000| Untracked 
|   1|0x0000000081100000, 0x0000000081100000, 0x0000000081200000|  0%| F|  |TAMS 0x0000000081100000, 0x0000000081100000| Untracked 
|   2|0x0000000081200000, 0x0000000081200000, 0x0000000081300000|  0%| F|  |TAMS 0x0000000081200000, 0x0000000081200000| Untracked 
|   3|0x0000000081300000, 0x0000000081300000, 0x0000000081400000|  0%| F|  |TAMS 0x0000000081300000, 0x0000000081300000| Untracked 
|   4|0x0000000081400000, 0x0000000081400000, 0x0000000081500000|  0%| F|  |TAMS 0x0000000081400000, 0x0000000081400000| Untracked 
|   5|0x0000000081500000, 0x0000000081500000, 0x0000000081600000|  0%| F|  |TAMS 0x0000000081500000, 0x0000000081500000| Untracked 
|   6|0x0000000081600000, 0x0000000081600000, 0x0000000081700000|  0%| F|  |TAMS 0x0000000081600000, 0x0000000081600000| Untracked 
|   7|0x0000000081700000, 0x0000000081700000, 0x0000000081800000|  0%| F|  |TAMS 0x0000000081700000, 0x0000000081700000| Untracked 
|   8|0x0000000081800000, 0x0000000081800000, 0x0000000081900000|  0%| F|  |TAMS 0x0000000081800000, 0x0000000081800000| Untracked 
|   9|0x0000000081900000, 0x0000000081900000, 0x0000000081a00000|  0%| F|  |TAMS 0x0000000081900000, 0x0000000081900000| Untracked 
|  10|0x0000000081a00000, 0x0000000081a00000, 0x0000000081b00000|  0%| F|  |TAMS 0x0000000081a00000, 0x0000000081a00000| Untracked 
|  11|0x0000000081b00000, 0x0000000081b00000, 0x0000000081c00000|  0%| F|  |TAMS 0x0000000081b00000, 0x0000000081b00000| Untracked 
|  12|0x0000000081c00000, 0x0000000081c00000, 0x0000000081d00000|  0%| F|  |TAMS 0x0000000081c00000, 0x0000000081c00000| Untracked 
|  13|0x0000000081d00000, 0x0000000081d00000, 0x0000000081e00000|  0%| F|  |TAMS 0x0000000081d00000, 0x0000000081d00000| Untracked 
|  14|0x0000000081e00000, 0x0000000081e00000, 0x0000000081f00000|  0%| F|  |TAMS 0x0000000081e00000, 0x0000000081e00000| Untracked 
|  15|0x0000000081f00000, 0x0000000081f00000, 0x0000000082000000|  0%| F|  |TAMS 0x0000000081f00000, 0x0000000081f00000| Untracked 
|  16|0x0000000082000000, 0x0000000082000000, 0x0000000082100000|  0%| F|  |TAMS 0x0000000082000000, 0x0000000082000000| Untracked 
|  17|0x0000000082100000, 0x0000000082100000, 0x0000000082200000|  0%| F|  |TAMS 0x0000000082100000, 0x0000000082100000| Untracked 
|  18|0x0000000082200000, 0x0000000082200000, 0x0000000082300000|  0%| F|  |TAMS 0x0000000082200000, 0x0000000082200000| Untracked 
|  19|0x0000000082300000, 0x0000000082300000, 0x0000000082400000|  0%| F|  |TAMS 0x0000000082300000, 0x0000000082300000| Untracked 
|  20|0x0000000082400000, 0x0000000082400000, 0x0000000082500000|  0%| F|  |TAMS 0x0000000082400000, 0x0000000082400000| Untracked 
|  21|0x0000000082500000, 0x0000000082500000, 0x0000000082600000|  0%| F|  |TAMS 0x0000000082500000, 0x0000000082500000| Untracked 
|  22|0x0000000082600000, 0x0000000082600000, 0x0000000082700000|  0%| F|  |TAMS 0x0000000082600000, 0x0000000082600000| Untracked 
|  23|0x0000000082700000, 0x0000000082700000, 0x0000000082800000|  0%| F|  |TAMS 0x0000000082700000, 0x0000000082700000| Untracked 
|  24|0x0000000082800000, 0x0000000082800000, 0x0000000082900000|  0%| F|  |TAMS 0x0000000082800000, 0x0000000082800000| Untracked 
|  25|0x0000000082900000, 0x0000000082900000, 0x0000000082a00000|  0%| F|  |TAMS 0x0000000082900000, 0x0000000082900000| Untracked 
|  26|0x0000000082a00000, 0x0000000082a00000, 0x0000000082b00000|  0%| F|  |TAMS 0x0000000082a00000, 0x0000000082a00000| Untracked 
|  27|0x0000000082b00000, 0x0000000082b00000, 0x0000000082c00000|  0%| F|  |TAMS 0x0000000082b00000, 0x0000000082b00000| Untracked 
|  28|0x0000000082c00000, 0x0000000082c00000, 0x0000000082d00000|  0%| F|  |TAMS 0x0000000082c00000, 0x0000000082c00000| Untracked 
|  29|0x0000000082d00000, 0x0000000082d00000, 0x0000000082e00000|  0%| F|  |TAMS 0x0000000082d00000, 0x0000000082d00000| Untracked 
|  30|0x0000000082e00000, 0x0000000082e00000, 0x0000000082f00000|  0%| F|  |TAMS 0x0000000082e00000, 0x0000000082e00000| Untracked 
|  31|0x0000000082f00000, 0x0000000082f00000, 0x0000000083000000|  0%| F|  |TAMS 0x0000000082f00000, 0x0000000082f00000| Untracked 
|  32|0x0000000083000000, 0x0000000083000000, 0x0000000083100000|  0%| F|  |TAMS 0x0000000083000000, 0x0000000083000000| Untracked 
|  33|0x0000000083100000, 0x0000000083100000, 0x0000000083200000|  0%| F|  |TAMS 0x0000000083100000, 0x0000000083100000| Untracked 
|  34|0x0000000083200000, 0x0000000083200000, 0x0000000083300000|  0%| F|  |TAMS 0x0000000083200000, 0x0000000083200000| Untracked 
|  35|0x0000000083300000, 0x0000000083300000, 0x0000000083400000|  0%| F|  |TAMS 0x0000000083300000, 0x0000000083300000| Untracked 
|  36|0x0000000083400000, 0x0000000083400000, 0x0000000083500000|  0%| F|  |TAMS 0x0000000083400000, 0x0000000083400000| Untracked 
|  37|0x0000000083500000, 0x0000000083500000, 0x0000000083600000|  0%| F|  |TAMS 0x0000000083500000, 0x0000000083500000| Untracked 
|  38|0x0000000083600000, 0x0000000083600000, 0x0000000083700000|  0%| F|  |TAMS 0x0000000083600000, 0x0000000083600000| Untracked 
|  39|0x0000000083700000, 0x0000000083700000, 0x0000000083800000|  0%| F|  |TAMS 0x0000000083700000, 0x0000000083700000| Untracked 
|  40|0x0000000083800000, 0x0000000083800000, 0x0000000083900000|  0%| F|  |TAMS 0x0000000083800000, 0x0000000083800000| Untracked 
|  41|0x0000000083900000, 0x0000000083900000, 0x0000000083a00000|  0%| F|  |TAMS 0x0000000083900000, 0x0000000083900000| Untracked 
|  42|0x0000000083a00000, 0x0000000083a00000, 0x0000000083b00000|  0%| F|  |TAMS 0x0000000083a00000, 0x0000000083a00000| Untracked 
|  43|0x0000000083b00000, 0x0000000083b00000, 0x0000000083c00000|  0%| F|  |TAMS 0x0000000083b00000, 0x0000000083b00000| Untracked 
|  44|0x0000000083c00000, 0x0000000083c00000, 0x0000000083d00000|  0%| F|  |TAMS 0x0000000083c00000, 0x0000000083c00000| Untracked 
|  45|0x0000000083d00000, 0x0000000083d00000, 0x0000000083e00000|  0%| F|  |TAMS 0x0000000083d00000, 0x0000000083d00000| Untracked 
|  46|0x0000000083e00000, 0x0000000083e00000, 0x0000000083f00000|  0%| F|  |TAMS 0x0000000083e00000, 0x0000000083e00000| Untracked 
|  47|0x0000000083f00000, 0x0000000083f00000, 0x0000000084000000|  0%| F|  |TAMS 0x0000000083f00000, 0x0000000083f00000| Untracked 
|  48|0x0000000084000000, 0x0000000084000000, 0x0000000084100000|  0%| F|  |TAMS 0x0000000084000000, 0x0000000084000000| Untracked 
|  49|0x0000000084100000, 0x0000000084100000, 0x0000000084200000|  0%| F|  |TAMS 0x0000000084100000, 0x0000000084100000| Untracked 
|  50|0x0000000084200000, 0x0000000084200000, 0x0000000084300000|  0%| F|  |TAMS 0x0000000084200000, 0x0000000084200000| Untracked 
|  51|0x0000000084300000, 0x0000000084300000, 0x0000000084400000|  0%| F|  |TAMS 0x0000000084300000, 0x0000000084300000| Untracked 
|  52|0x0000000084400000, 0x0000000084400000, 0x0000000084500000|  0%| F|  |TAMS 0x0000000084400000, 0x0000000084400000| Untracked 
|  53|0x0000000084500000, 0x0000000084500000, 0x0000000084600000|  0%| F|  |TAMS 0x0000000084500000, 0x0000000084500000| Untracked 
|  54|0x0000000084600000, 0x0000000084600000, 0x0000000084700000|  0%| F|  |TAMS 0x0000000084600000, 0x0000000084600000| Untracked 
|  55|0x0000000084700000, 0x0000000084700000, 0x0000000084800000|  0%| F|  |TAMS 0x0000000084700000, 0x0000000084700000| Untracked 
|  56|0x0000000084800000, 0x0000000084800000, 0x0000000084900000|  0%| F|  |TAMS 0x0000000084800000, 0x0000000084800000| Untracked 
|  57|0x0000000084900000, 0x0000000084900000, 0x0000000084a00000|  0%| F|  |TAMS 0x0000000084900000, 0x0000000084900000| Untracked 
|  58|0x0000000084a00000, 0x0000000084a00000, 0x0000000084b00000|  0%| F|  |TAMS 0x0000000084a00000, 0x0000000084a00000| Untracked 
|  59|0x0000000084b00000, 0x0000000084b00000, 0x0000000084c00000|  0%| F|  |TAMS 0x0000000084b00000, 0x0000000084b00000| Untracked 
|  60|0x0000000084c00000, 0x0000000084c00000, 0x0000000084d00000|  0%| F|  |TAMS 0x0000000084c00000, 0x0000000084c00000| Untracked 
|  61|0x0000000084d00000, 0x0000000084d00000, 0x0000000084e00000|  0%| F|  |TAMS 0x0000000084d00000, 0x0000000084d00000| Untracked 
|  62|0x0000000084e00000, 0x0000000084e00000, 0x0000000084f00000|  0%| F|  |TAMS 0x0000000084e00000, 0x0000000084e00000| Untracked 
|  63|0x0000000084f00000, 0x0000000084f00000, 0x0000000085000000|  0%| F|  |TAMS 0x0000000084f00000, 0x0000000084f00000| Untracked 
|  64|0x0000000085000000, 0x0000000085000000, 0x0000000085100000|  0%| F|  |TAMS 0x0000000085000000, 0x0000000085000000| Untracked 
|  65|0x0000000085100000, 0x0000000085100000, 0x0000000085200000|  0%| F|  |TAMS 0x0000000085100000, 0x0000000085100000| Untracked 
|  66|0x0000000085200000, 0x0000000085200000, 0x0000000085300000|  0%| F|  |TAMS 0x0000000085200000, 0x0000000085200000| Untracked 
|  67|0x0000000085300000, 0x0000000085300000, 0x0000000085400000|  0%| F|  |TAMS 0x0000000085300000, 0x0000000085300000| Untracked 
|  68|0x0000000085400000, 0x0000000085400000, 0x0000000085500000|  0%| F|  |TAMS 0x0000000085400000, 0x0000000085400000| Untracked 
|  69|0x0000000085500000, 0x0000000085500000, 0x0000000085600000|  0%| F|  |TAMS 0x0000000085500000, 0x0000000085500000| Untracked 
|  70|0x0000000085600000, 0x0000000085600000, 0x0000000085700000|  0%| F|  |TAMS 0x0000000085600000, 0x0000000085600000| Untracked 
|  71|0x0000000085700000, 0x0000000085700000, 0x0000000085800000|  0%| F|  |TAMS 0x0000000085700000, 0x0000000085700000| Untracked 
|  72|0x0000000085800000, 0x0000000085800000, 0x0000000085900000|  0%| F|  |TAMS 0x0000000085800000, 0x0000000085800000| Untracked 
|  73|0x0000000085900000, 0x0000000085900000, 0x0000000085a00000|  0%| F|  |TAMS 0x0000000085900000, 0x0000000085900000| Untracked 
|  74|0x0000000085a00000, 0x0000000085a00000, 0x0000000085b00000|  0%| F|  |TAMS 0x0000000085a00000, 0x0000000085a00000| Untracked 
|  75|0x0000000085b00000, 0x0000000085b00000, 0x0000000085c00000|  0%| F|  |TAMS 0x0000000085b00000, 0x0000000085b00000| Untracked 
|  76|0x0000000085c00000, 0x0000000085c00000, 0x0000000085d00000|  0%| F|  |TAMS 0x0000000085c00000, 0x0000000085c00000| Untracked 
|  77|0x0000000085d00000, 0x0000000085d00000, 0x0000000085e00000|  0%| F|  |TAMS 0x0000000085d00000, 0x0000000085d00000| Untracked 
|  78|0x0000000085e00000, 0x0000000085e00000, 0x0000000085f00000|  0%| F|  |TAMS 0x0000000085e00000, 0x0000000085e00000| Untracked 
|  79|0x0000000085f00000, 0x0000000085f00000, 0x0000000086000000|  0%| F|  |TAMS 0x0000000085f00000, 0x0000000085f00000| Untracked 
|  80|0x0000000086000000, 0x0000000086000000, 0x0000000086100000|  0%| F|  |TAMS 0x0000000086000000, 0x0000000086000000| Untracked 
|  81|0x0000000086100000, 0x0000000086100000, 0x0000000086200000|  0%| F|  |TAMS 0x0000000086100000, 0x0000000086100000| Untracked 
|  82|0x0000000086200000, 0x0000000086200000, 0x0000000086300000|  0%| F|  |TAMS 0x0000000086200000, 0x0000000086200000| Untracked 
|  83|0x0000000086300000, 0x0000000086300000, 0x0000000086400000|  0%| F|  |TAMS 0x0000000086300000, 0x0000000086300000| Untracked 
|  84|0x0000000086400000, 0x0000000086400000, 0x0000000086500000|  0%| F|  |TAMS 0x0000000086400000, 0x0000000086400000| Untracked 
|  85|0x0000000086500000, 0x0000000086500000, 0x0000000086600000|  0%| F|  |TAMS 0x0000000086500000, 0x0000000086500000| Untracked 
|  86|0x0000000086600000, 0x0000000086600000, 0x0000000086700000|  0%| F|  |TAMS 0x0000000086600000, 0x0000000086600000| Untracked 
|  87|0x0000000086700000, 0x0000000086700000, 0x0000000086800000|  0%| F|  |TAMS 0x0000000086700000, 0x0000000086700000| Untracked 
|  88|0x0000000086800000, 0x0000000086800000, 0x0000000086900000|  0%| F|  |TAMS 0x0000000086800000, 0x0000000086800000| Untracked 
|  89|0x0000000086900000, 0x0000000086900000, 0x0000000086a00000|  0%| F|  |TAMS 0x0000000086900000, 0x0000000086900000| Untracked 
|  90|0x0000000086a00000, 0x0000000086a00000, 0x0000000086b00000|  0%| F|  |TAMS 0x0000000086a00000, 0x0000000086a00000| Untracked 
|  91|0x0000000086b00000, 0x0000000086b00000, 0x0000000086c00000|  0%| F|  |TAMS 0x0000000086b00000, 0x0000000086b00000| Untracked 
|  92|0x0000000086c00000, 0x0000000086c00000, 0x0000000086d00000|  0%| F|  |TAMS 0x0000000086c00000, 0x0000000086c00000| Untracked 
|  93|0x0000000086d00000, 0x0000000086d00000, 0x0000000086e00000|  0%| F|  |TAMS 0x0000000086d00000, 0x0000000086d00000| Untracked 
|  94|0x0000000086e00000, 0x0000000086e00000, 0x0000000086f00000|  0%| F|  |TAMS 0x0000000086e00000, 0x0000000086e00000| Untracked 
|  95|0x0000000086f00000, 0x0000000086f00000, 0x0000000087000000|  0%| F|  |TAMS 0x0000000086f00000, 0x0000000086f00000| Untracked 
|  96|0x0000000087000000, 0x0000000087000000, 0x0000000087100000|  0%| F|  |TAMS 0x0000000087000000, 0x0000000087000000| Untracked 
|  97|0x0000000087100000, 0x0000000087100000, 0x0000000087200000|  0%| F|  |TAMS 0x0000000087100000, 0x0000000087100000| Untracked 
|  98|0x0000000087200000, 0x0000000087200000, 0x0000000087300000|  0%| F|  |TAMS 0x0000000087200000, 0x0000000087200000| Untracked 
|  99|0x0000000087300000, 0x0000000087300000, 0x0000000087400000|  0%| F|  |TAMS 0x0000000087300000, 0x0000000087300000| Untracked 
| 100|0x0000000087400000, 0x0000000087400000, 0x0000000087500000|  0%| F|  |TAMS 0x0000000087400000, 0x0000000087400000| Untracked 
| 101|0x0000000087500000, 0x00000000875f6e78, 0x0000000087600000| 96%| S|CS|TAMS 0x0000000087500000, 0x0000000087500000| Complete 
| 102|0x0000000087600000, 0x0000000087700000, 0x0000000087700000|100%| S|CS|TAMS 0x0000000087600000, 0x0000000087600000| Complete 
| 103|0x0000000087700000, 0x0000000087800000, 0x0000000087800000|100%| S|CS|TAMS 0x0000000087700000, 0x0000000087700000| Complete 
| 104|0x0000000087800000, 0x0000000087800000, 0x0000000087900000|  0%| F|  |TAMS 0x0000000087800000, 0x0000000087800000| Untracked 
| 105|0x0000000087900000, 0x0000000087900000, 0x0000000087a00000|  0%| F|  |TAMS 0x0000000087900000, 0x0000000087900000| Untracked 
| 106|0x0000000087a00000, 0x0000000087a00000, 0x0000000087b00000|  0%| F|  |TAMS 0x0000000087a00000, 0x0000000087a00000| Untracked 
| 107|0x0000000087b00000, 0x0000000087b00000, 0x0000000087c00000|  0%| F|  |TAMS 0x0000000087b00000, 0x0000000087b00000| Untracked 
| 108|0x0000000087c00000, 0x0000000087c00000, 0x0000000087d00000|  0%| F|  |TAMS 0x0000000087c00000, 0x0000000087c00000| Untracked 
| 109|0x0000000087d00000, 0x0000000087d00000, 0x0000000087e00000|  0%| F|  |TAMS 0x0000000087d00000, 0x0000000087d00000| Untracked 
| 110|0x0000000087e00000, 0x0000000087e00000, 0x0000000087f00000|  0%| F|  |TAMS 0x0000000087e00000, 0x0000000087e00000| Untracked 
| 111|0x0000000087f00000, 0x0000000087f00000, 0x0000000088000000|  0%| F|  |TAMS 0x0000000087f00000, 0x0000000087f00000| Untracked 
| 112|0x0000000088000000, 0x0000000088000000, 0x0000000088100000|  0%| F|  |TAMS 0x0000000088000000, 0x0000000088000000| Untracked 
| 113|0x0000000088100000, 0x0000000088100000, 0x0000000088200000|  0%| F|  |TAMS 0x0000000088100000, 0x0000000088100000| Untracked 
| 114|0x0000000088200000, 0x0000000088200000, 0x0000000088300000|  0%| F|  |TAMS 0x0000000088200000, 0x0000000088200000| Untracked 
| 115|0x0000000088300000, 0x0000000088300000, 0x0000000088400000|  0%| F|  |TAMS 0x0000000088300000, 0x0000000088300000| Untracked 
| 116|0x0000000088400000, 0x0000000088400000, 0x0000000088500000|  0%| F|  |TAMS 0x0000000088400000, 0x0000000088400000| Untracked 
| 117|0x0000000088500000, 0x0000000088500000, 0x0000000088600000|  0%| F|  |TAMS 0x0000000088500000, 0x0000000088500000| Untracked 
| 118|0x0000000088600000, 0x0000000088600000, 0x0000000088700000|  0%| F|  |TAMS 0x0000000088600000, 0x0000000088600000| Untracked 
| 119|0x0000000088700000, 0x0000000088700000, 0x0000000088800000|  0%| F|  |TAMS 0x0000000088700000, 0x0000000088700000| Untracked 
| 120|0x0000000088800000, 0x0000000088800000, 0x0000000088900000|  0%| F|  |TAMS 0x0000000088800000, 0x0000000088800000| Untracked 
| 121|0x0000000088900000, 0x0000000088900000, 0x0000000088a00000|  0%| F|  |TAMS 0x0000000088900000, 0x0000000088900000| Untracked 
| 122|0x0000000088a00000, 0x0000000088a00000, 0x0000000088b00000|  0%| F|  |TAMS 0x0000000088a00000, 0x0000000088a00000| Untracked 
| 123|0x0000000088b00000, 0x0000000088b00000, 0x0000000088c00000|  0%| F|  |TAMS 0x0000000088b00000, 0x0000000088b00000| Untracked 
| 124|0x0000000088c00000, 0x0000000088c00000, 0x0000000088d00000|  0%| F|  |TAMS 0x0000000088c00000, 0x0000000088c00000| Untracked 
| 125|0x0000000088d00000, 0x0000000088d80800, 0x0000000088e00000| 50%| E|  |TAMS 0x0000000088d00000, 0x0000000088d00000| Complete 
| 126|0x0000000088e00000, 0x0000000088f00000, 0x0000000088f00000|100%| E|CS|TAMS 0x0000000088e00000, 0x0000000088e00000| Complete 
| 127|0x0000000088f00000, 0x0000000089000000, 0x0000000089000000|100%| E|CS|TAMS 0x0000000088f00000, 0x0000000088f00000| Complete 

Card table byte_map: [0x00000163f9b70000,0x00000163f9f70000] _byte_map_base: 0x00000163f9768000

Marking Bits (Prev, Next): (CMBitMap*) 0x00000163f106aeb8, (CMBitMap*) 0x00000163f106aef0
 Prev Bits: [0x00000163fa370000, 0x00000163fc330000)
 Next Bits: [0x00000163fc330000, 0x00000163fe2f0000)

Polling page: 0x00000163eefd0000

Metaspace:

Usage:
  Non-class:     15.77 MB capacity,    15.63 MB (>99%) used,   117.32 KB ( <1%) free+waste,    19.63 KB ( <1%) overhead. 
      Class:      1.28 MB capacity,     1.20 MB ( 94%) used,    74.44 KB (  6%) free+waste,     6.88 KB ( <1%) overhead. 
       Both:     17.04 MB capacity,    16.83 MB ( 99%) used,   191.76 KB (  1%) free+waste,    26.50 KB ( <1%) overhead. 

Virtual space:
  Non-class space:       16.00 MB reserved,      16.00 MB (100%) committed 
      Class space:        1.00 GB reserved,       1.38 MB ( <1%) committed 
             Both:        1.02 GB reserved,      17.38 MB (  2%) committed 

Chunk freelists:
   Non-Class:  5.88 KB
       Class:  384 bytes
        Both:  6.25 KB

CodeHeap 'non-profiled nmethods': size=120000Kb used=375Kb max_used=375Kb free=119624Kb
 bounds [0x0000016387ad0000, 0x0000016387d40000, 0x000001638f000000]
CodeHeap 'profiled nmethods': size=120000Kb used=2227Kb max_used=2227Kb free=117772Kb
 bounds [0x00000163805a0000, 0x0000016380810000, 0x0000016387ad0000]
CodeHeap 'non-nmethods': size=5760Kb used=1637Kb max_used=1660Kb free=4122Kb
 bounds [0x0000016380000000, 0x0000016380270000, 0x00000163805a0000]
 total_blobs=2513 nmethods=1266 adapters=1159
 compilation: enabled
              stopped_count=0, restarted_count=0
 full_count=0

Compilation events (10 events):
Event: 3.731 Thread 0x00000163fed73000 1261       1       java.lang.Enum::toString (5 bytes)
Event: 3.731 Thread 0x00000163fed73000 nmethod 1261 0x0000016387b2d490 code [0x0000016387b2d620, 0x0000016387b2d738]
Event: 4.146 Thread 0x00000163fed70000 1262       4       dk.sebsa.ironflask.engine.ecs.Component::onWillRender (1 bytes)
Event: 4.146 Thread 0x00000163fed73000 1263       3       java.util.HashMap::clear (50 bytes)
Event: 4.146 Thread 0x00000163fed70000 nmethod 1262 0x0000016387b2d790 code [0x0000016387b2d920, 0x0000016387b2d978]
Event: 4.146 Thread 0x00000163fed73000 nmethod 1263 0x00000163807cbb10 code [0x00000163807cbce0, 0x00000163807cc0f8]
Event: 4.341 Thread 0x00000163fed73000 1264       3       java.util.HashMap::keySet (25 bytes)
Event: 4.341 Thread 0x00000163fed73000 nmethod 1264 0x00000163807cc210 code [0x00000163807cc3e0, 0x00000163807cc818]
Event: 4.345 Thread 0x00000163fed73000 1265       3       org.lwjgl.opengl.GL30::glBindVertexArray (5 bytes)
Event: 4.346 Thread 0x00000163fed73000 nmethod 1265 0x00000163807cc990 code [0x00000163807ccb40, 0x00000163807cccb0]

GC Heap History (2 events):
Event: 2.130 GC heap before
{Heap before GC invocations=0 (full 0):
 garbage-first heap   total 131072K, used 23552K [0x0000000081000000, 0x0000000100000000)
  region size 1024K, 24 young (24576K), 0 survivors (0K)
 Metaspace       used 16625K, capacity 16846K, committed 16896K, reserved 1064960K
  class space    used 1204K, capacity 1277K, committed 1280K, reserved 1048576K
}
Event: 2.135 GC heap after
{Heap after GC invocations=1 (full 0):
 garbage-first heap   total 131072K, used 3035K [0x0000000081000000, 0x0000000100000000)
  region size 1024K, 3 young (3072K), 3 survivors (3072K)
 Metaspace       used 16625K, capacity 16846K, committed 16896K, reserved 1064960K
  class space    used 1204K, capacity 1277K, committed 1280K, reserved 1048576K
}

Deoptimization events (10 events):
Event: 1.428 Thread 0x0000016392e70000 Uncommon trap: reason=unstable_if action=reinterpret pc=0x0000016387ad8c38 method=java.lang.StringUTF16.compress([CI[BII)I @ 20 c2
Event: 1.429 Thread 0x0000016392e70000 Uncommon trap: reason=unstable_if action=reinterpret pc=0x0000016387adcdd4 method=java.lang.StringLatin1.canEncode(I)Z @ 4 c2
Event: 1.430 Thread 0x0000016392e70000 Uncommon trap: reason=unstable_if action=reinterpret pc=0x0000016387afea8c method=java.lang.String.substring(II)Ljava/lang/String; @ 31 c2
Event: 1.431 Thread 0x0000016392e70000 Uncommon trap: reason=unstable_if action=reinterpret pc=0x0000016387ae8b4c method=java.lang.String.equals(Ljava/lang/Object;)Z @ 34 c2
Event: 1.447 Thread 0x0000016392e70000 Uncommon trap: reason=unstable_fused_if action=reinterpret pc=0x0000016387b09de0 method=sun.text.normalizer.Trie2_16.get(I)I @ 1 c2
Event: 1.447 Thread 0x0000016392e70000 Uncommon trap: reason=unstable_fused_if action=reinterpret pc=0x0000016387b0a1dc method=sun.text.normalizer.Trie2_16.get(I)I @ 1 c2
Event: 1.684 Thread 0x0000016392e70000 Uncommon trap: reason=unstable_if action=reinterpret pc=0x0000016387af6ec4 method=java.util.HashMap.putVal(ILjava/lang/Object;Ljava/lang/Object;ZZ)Ljava/lang/Object; @ 181 c2
Event: 1.950 Thread 0x0000016392e70000 Uncommon trap: reason=unstable_if action=reinterpret pc=0x0000016387b02e80 method=java.io.WinNTFileSystem.normalize(Ljava/lang/String;)Ljava/lang/String; @ 128 c2
Event: 1.984 Thread 0x0000016392e70000 Uncommon trap: reason=unstable_if action=reinterpret pc=0x0000016387b06090 method=java.util.HashSet.add(Ljava/lang/Object;)Z @ 11 c2
Event: 2.362 Thread 0x00000163f102c000 Uncommon trap: reason=speculate_null_assert action=make_not_entrant pc=0x0000016387b247f8 method=sun.misc.Unsafe.getLong(Ljava/lang/Object;J)J @ 5 c2

Classes redefined (0 events):
No events

Internal exceptions (10 events):
Event: 0.934 Thread 0x00000163f102c000 Exception <a 'sun/nio/fs/WindowsException'{0x00000000889605b8}> (0x00000000889605b8) thrown at [./open/src/hotspot/share/prims/jni.cpp, line 611]
Event: 0.934 Thread 0x00000163f102c000 Exception <a 'sun/nio/fs/WindowsException'{0x00000000889608a0}> (0x00000000889608a0) thrown at [./open/src/hotspot/share/prims/jni.cpp, line 611]
Event: 1.234 Thread 0x0000016392e70000 Exception <a 'java/lang/NoSuchMethodError'{0x000000008806da20}: java.lang.invoke.DirectMethodHandle$Holder.invokeSpecialIFC(Ljava/lang/Object;Ljava/lang/Object;I)I> (0x000000008806da20) thrown at [./open/src/hotspot/share/interpreter/linkResolver.cpp, lin
Event: 1.265 Thread 0x0000016392e70000 Exception <a 'sun/nio/fs/WindowsException'{0x0000000087f04bd8}> (0x0000000087f04bd8) thrown at [./open/src/hotspot/share/prims/jni.cpp, line 611]
Event: 1.265 Thread 0x0000016392e70000 Exception <a 'sun/nio/fs/WindowsException'{0x0000000087f04f60}> (0x0000000087f04f60) thrown at [./open/src/hotspot/share/prims/jni.cpp, line 611]
Event: 1.333 Thread 0x0000016392e70000 Exception <a 'sun/nio/fs/WindowsException'{0x0000000087f94bc8}> (0x0000000087f94bc8) thrown at [./open/src/hotspot/share/prims/jni.cpp, line 611]
Event: 1.334 Thread 0x0000016392e70000 Exception <a 'sun/nio/fs/WindowsException'{0x0000000087f94f50}> (0x0000000087f94f50) thrown at [./open/src/hotspot/share/prims/jni.cpp, line 611]
Event: 1.687 Thread 0x0000016392e70000 Exception <a 'java/lang/NoSuchMethodError'{0x0000000087ce4e58}: java.lang.invoke.DirectMethodHandle$Holder.invokeStaticInit(Ljava/lang/Object;IIII)Ljava/lang/Object;> (0x0000000087ce4e58) thrown at [./open/src/hotspot/share/interpreter/linkResolver.cpp, l
Event: 1.967 Thread 0x0000016392e70000 Exception <a 'java/lang/NoSuchMethodError'{0x0000000087bac3c0}: java.lang.invoke.DirectMethodHandle$Holder.invokeStaticInit(Ljava/lang/Object;Ljava/lang/Object;IIII)Ljava/lang/Object;> (0x0000000087bac3c0) thrown at [./open/src/hotspot/share/interpreter/l
Event: 1.984 Thread 0x0000016392e70000 Exception <a 'sun/nio/fs/WindowsException'{0x0000000087bfc990}> (0x0000000087bfc990) thrown at [./open/src/hotspot/share/prims/jni.cpp, line 611]

Events (10 events):
Event: 2.170 loading class java/util/concurrent/TimeUnit$1 done
Event: 2.171 loading class org/joml/Runtime
Event: 2.171 loading class org/joml/Runtime done
Event: 2.171 loading class java/lang/NumberFormatException
Event: 2.172 loading class java/lang/NumberFormatException done
Event: 2.362 Thread 0x00000163f102c000 Uncommon trap: trap_request=0xffffff5c fr.pc=0x0000016387b247f8 relative=0x0000000000000058
Event: 2.362 Thread 0x00000163f102c000 DEOPT PACKING pc=0x0000016387b247f8 sp=0x00000011e2ffebe0
Event: 2.362 Thread 0x00000163f102c000 DEOPT UNPACKING pc=0x0000016380028f2f sp=0x00000011e2ffeb68 mode 2
Event: 2.513 Thread 0x0000016392da3800 Thread added: 0x0000016392da3800
Event: 2.663 Thread 0x0000016392da3800 Thread exited: 0x0000016392da3800


Dynamic libraries:
0x00007ff6e8360000 - 0x00007ff6e836f000 	C:\Program Files\Java\jdk-11.0.8\bin\javaw.exe
0x00007ffea35b0000 - 0x00007ffea37b0000 	C:\WINDOWS\SYSTEM32\ntdll.dll
0x00007ffea2330000 - 0x00007ffea23ed000 	C:\WINDOWS\System32\KERNEL32.DLL
0x00007ffea1040000 - 0x00007ffea13a6000 	C:\WINDOWS\System32\KERNELBASE.dll
0x00007ffe9d520000 - 0x00007ffe9d5b1000 	C:\WINDOWS\SYSTEM32\apphelp.dll
0x00007ffea1430000 - 0x00007ffea1540000 	C:\WINDOWS\System32\ucrtbase.dll
0x00007ffe96280000 - 0x00007ffe96295000 	C:\Program Files\Java\jdk-11.0.8\bin\VCRUNTIME140.dll
0x00007ffe93c50000 - 0x00007ffe93c68000 	C:\Program Files\Java\jdk-11.0.8\bin\jli.dll
0x00007ffea1540000 - 0x00007ffea15ec000 	C:\WINDOWS\System32\ADVAPI32.dll
0x00007ffea24e0000 - 0x00007ffea2583000 	C:\WINDOWS\System32\msvcrt.dll
0x00007ffea2760000 - 0x00007ffea27fe000 	C:\WINDOWS\System32\sechost.dll
0x00007ffea2590000 - 0x00007ffea26b3000 	C:\WINDOWS\System32\RPCRT4.dll
0x00007ffea2180000 - 0x00007ffea2326000 	C:\WINDOWS\System32\USER32.dll
0x00007ffe9fe30000 - 0x00007ffea00d5000 	C:\WINDOWS\WinSxS\amd64_microsoft.windows.common-controls_6595b64144ccf1df_6.0.21296.1000_none_58f553c05ff2768f\COMCTL32.dll
0x00007ffea0c60000 - 0x00007ffea0c86000 	C:\WINDOWS\System32\win32u.dll
0x00007ffea2800000 - 0x00007ffea2829000 	C:\WINDOWS\System32\GDI32.dll
0x00007ffea0f20000 - 0x00007ffea1031000 	C:\WINDOWS\System32\gdi32full.dll
0x00007ffe9d5e0000 - 0x00007ffe9d5ea000 	C:\WINDOWS\SYSTEM32\VERSION.dll
0x00007ffea0e80000 - 0x00007ffea0f20000 	C:\WINDOWS\System32\msvcp_win.dll
0x00007ffea26c0000 - 0x00007ffea26f1000 	C:\WINDOWS\System32\IMM32.DLL
0x00007ffe48fd0000 - 0x00007ffe4906b000 	C:\Program Files\Java\jdk-11.0.8\bin\msvcp140.dll
0x00007ffe16020000 - 0x00007ffe16b06000 	C:\Program Files\Java\jdk-11.0.8\bin\server\jvm.dll
0x00007ffea29b0000 - 0x00007ffea29b8000 	C:\WINDOWS\System32\PSAPI.DLL
0x00007ffe810d0000 - 0x00007ffe810d9000 	C:\WINDOWS\SYSTEM32\WSOCK32.dll
0x00007ffea3180000 - 0x00007ffea31f1000 	C:\WINDOWS\System32\WS2_32.dll
0x00007ffe99ab0000 - 0x00007ffe99ad7000 	C:\WINDOWS\SYSTEM32\WINMM.dll
0x00007ffe9ef60000 - 0x00007ffe9ef77000 	C:\WINDOWS\SYSTEM32\kernel.appcore.dll
0x00007ffe966b0000 - 0x00007ffe966c0000 	C:\Program Files\Java\jdk-11.0.8\bin\verify.dll
0x00007ffea0500000 - 0x00007ffea072b000 	C:\WINDOWS\SYSTEM32\DBGHELP.DLL
0x00007ffea03d0000 - 0x00007ffea0400000 	C:\WINDOWS\SYSTEM32\dbgcore.DLL
0x00007ffea13b0000 - 0x00007ffea1429000 	C:\WINDOWS\System32\bcryptPrimitives.dll
0x00007ffe95fd0000 - 0x00007ffe95ff8000 	C:\Program Files\Java\jdk-11.0.8\bin\java.dll
0x00007ffe96590000 - 0x00007ffe9659a000 	C:\Program Files\Java\jdk-11.0.8\bin\jimage.dll
0x00007ffe961c0000 - 0x00007ffe961d6000 	C:\Program Files\Java\jdk-11.0.8\bin\zip.dll
0x00007ffea2a30000 - 0x00007ffea317d000 	C:\WINDOWS\System32\SHELL32.dll
0x00007ffe9de70000 - 0x00007ffe9e6ba000 	C:\WINDOWS\SYSTEM32\windows.storage.dll
0x00007ffea1da0000 - 0x00007ffea2114000 	C:\WINDOWS\System32\combase.dll
0x00007ffea1730000 - 0x00007ffea181c000 	C:\WINDOWS\System32\SHCORE.dll
0x00007ffea1d40000 - 0x00007ffea1d9f000 	C:\WINDOWS\System32\shlwapi.dll
0x00007ffea0ad0000 - 0x00007ffea0af1000 	C:\WINDOWS\SYSTEM32\profapi.dll
0x00007ffe95fb0000 - 0x00007ffe95fc9000 	C:\Program Files\Java\jdk-11.0.8\bin\net.dll
0x00007ffe997c0000 - 0x00007ffe998bf000 	C:\WINDOWS\SYSTEM32\WINHTTP.dll
0x00007ffe9fc20000 - 0x00007ffe9fc88000 	C:\WINDOWS\system32\mswsock.dll
0x00007ffe958e0000 - 0x00007ffe958f2000 	C:\Program Files\Java\jdk-11.0.8\bin\nio.dll
0x00007ffe68380000 - 0x00007ffe683e4000 	C:\Users\seba2\AppData\Local\Temp\lwjglseba2\3.2.3-build-13\lwjgl.dll
0x00007ffe63620000 - 0x00007ffe63682000 	C:\Users\seba2\AppData\Local\Temp\lwjglseba2\3.2.3-build-13\glfw.dll
0x00007ffe9d680000 - 0x00007ffe9d722000 	C:\WINDOWS\system32\uxtheme.dll
0x00007ffe64370000 - 0x00007ffe643b5000 	C:\WINDOWS\SYSTEM32\dinput8.dll
0x00007ffe93130000 - 0x00007ffe93141000 	C:\WINDOWS\SYSTEM32\xinput1_4.dll
0x00007ffea08a0000 - 0x00007ffea08ec000 	C:\WINDOWS\SYSTEM32\cfgmgr32.dll
0x00007ffea0870000 - 0x00007ffea089c000 	C:\WINDOWS\SYSTEM32\DEVOBJ.dll
0x00007ffe9da60000 - 0x00007ffe9da8f000 	C:\WINDOWS\SYSTEM32\dwmapi.dll
0x00007ffe77d20000 - 0x00007ffe77ecc000 	C:\WINDOWS\SYSTEM32\inputhost.dll
0x00007ffe9d290000 - 0x00007ffe9d3b7000 	C:\WINDOWS\SYSTEM32\CoreMessaging.dll
0x00007ffea3450000 - 0x00007ffea356c000 	C:\WINDOWS\System32\MSCTF.dll
0x00007ffe9e6c0000 - 0x00007ffe9e6cd000 	C:\WINDOWS\SYSTEM32\HID.DLL
0x00007ffea18d0000 - 0x00007ffea1d38000 	C:\WINDOWS\System32\SETUPAPI.DLL
0x00007ffea0e10000 - 0x00007ffea0e7a000 	C:\WINDOWS\System32\WINTRUST.dll
0x00007ffea0ca0000 - 0x00007ffea0e0b000 	C:\WINDOWS\System32\CRYPT32.dll
0x00007ffe9fc00000 - 0x00007ffe9fc12000 	C:\WINDOWS\SYSTEM32\MSASN1.dll
0x00007ffe351b0000 - 0x00007ffe352b1000 	C:\WINDOWS\SYSTEM32\opengl32.dll
0x00007ffe92a90000 - 0x00007ffe92abd000 	C:\WINDOWS\SYSTEM32\GLU32.dll
0x00007ffe9d7f0000 - 0x00007ffe9d828000 	C:\WINDOWS\SYSTEM32\dxcore.dll
0x00007ffea1820000 - 0x00007ffea18cf000 	C:\WINDOWS\System32\clbcatq.dll
0x00007ffe11fe0000 - 0x00007ffe14971000 	C:\WINDOWS\System32\DriverStore\FileRepository\nvaei.inf_amd64_ae450137397d2582\nvoglv64.dll
0x00007ffea15f0000 - 0x00007ffea1725000 	C:\WINDOWS\System32\ole32.dll
0x00007ffea28e0000 - 0x00007ffea29ae000 	C:\WINDOWS\System32\OLEAUT32.dll
0x00007ffe9d790000 - 0x00007ffe9d7a4000 	C:\WINDOWS\SYSTEM32\WTSAPI32.dll
0x00007ffe98870000 - 0x00007ffe988a1000 	C:\WINDOWS\SYSTEM32\cryptnet.dll
0x00007ffe9fcb0000 - 0x00007ffe9fcbc000 	C:\WINDOWS\SYSTEM32\cryptbase.dll
0x00007ffea0810000 - 0x00007ffea0844000 	C:\WINDOWS\SYSTEM32\ntmarta.dll
0x00007ffe80180000 - 0x00007ffe80439000 	C:\WINDOWS\system32\nvspcap64.dll
0x00007ffea04b0000 - 0x00007ffea04fd000 	C:\WINDOWS\SYSTEM32\powrprof.dll
0x00007ffea0110000 - 0x00007ffea0123000 	C:\WINDOWS\SYSTEM32\UMPDC.dll
0x00007ffe9ea20000 - 0x00007ffe9ea83000 	C:\WINDOWS\SYSTEM32\WINSTA.dll
0x00007ffe60ab0000 - 0x00007ffe60b09000 	C:\Users\seba2\AppData\Local\Temp\lwjglseba2\3.2.3-build-13\lwjgl_opengl.dll
0x00007ffe72f20000 - 0x00007ffe73037000 	C:\WINDOWS\SYSTEM32\textinputframework.dll
0x00007ffe9a010000 - 0x00007ffe9a37b000 	C:\WINDOWS\SYSTEM32\CoreUIComponents.dll
0x00007ffe5f220000 - 0x00007ffe5f2a9000 	E:\Games\Overwolf\0.168.0.12\OWExplorer.dll
0x00007ffe5ee10000 - 0x00007ffe5ee87000 	C:\Users\seba2\AppData\Local\Temp\lwjglseba2\3.2.3-build-13\lwjgl_stb.dll
0x00007ffe32770000 - 0x00007ffe3287b000 	C:\Users\seba2\AppData\Local\Temp\lwjglseba2\3.2.3-build-13\OpenAL.dll
0x00007ffe920b0000 - 0x00007ffe92148000 	C:\WINDOWS\System32\MMDevApi.dll
0x00007ffe6fe40000 - 0x00007ffe7000a000 	C:\WINDOWS\SYSTEM32\AUDIOSES.DLL
0x00007ffe9d960000 - 0x00007ffe9d975000 	C:\WINDOWS\SYSTEM32\resourcepolicyclient.dll
0x00007ffea0850000 - 0x00007ffea0868000 	C:\WINDOWS\SYSTEM32\CRYPTSP.dll
0x00007ffe9eec0000 - 0x00007ffe9eef5000 	C:\WINDOWS\system32\rsaenh.dll
0x00007ffe9fd70000 - 0x00007ffe9fd9e000 	C:\WINDOWS\SYSTEM32\USERENV.dll
0x00007ffea0480000 - 0x00007ffea04a7000 	C:\WINDOWS\SYSTEM32\bcrypt.dll
0x00007ffe9eaa0000 - 0x00007ffe9eacd000 	C:\WINDOWS\SYSTEM32\IPHLPAPI.DLL
0x00007ffea28b0000 - 0x00007ffea28b9000 	C:\WINDOWS\System32\NSI.dll
0x00007ffe9a380000 - 0x00007ffe9a399000 	C:\WINDOWS\SYSTEM32\dhcpcsvc6.DLL
0x00007ffe99dd0000 - 0x00007ffe99ded000 	C:\WINDOWS\SYSTEM32\dhcpcsvc.DLL
0x00007ffe9eb10000 - 0x00007ffe9ebf1000 	C:\WINDOWS\SYSTEM32\DNSAPI.dll
0x0000000064a00000 - 0x0000000064d11000 	C:\Users\seba2\AppData\Local\Temp\imgui-java-natives_1616761020699\imgui-java64.dll

dbghelp: loaded successfully - version: 4.0.5 - missing functions: none
symbol engine: initialized successfully - sym options: 0x614 - pdb path: .;C:\Program Files\Java\jdk-11.0.8\bin;C:\WINDOWS\SYSTEM32;C:\WINDOWS\WinSxS\amd64_microsoft.windows.common-controls_6595b64144ccf1df_6.0.21296.1000_none_58f553c05ff2768f;C:\Program Files\Java\jdk-11.0.8\bin\server;C:\Users\seba2\AppData\Local\Temp\lwjglseba2\3.2.3-build-13;C:\WINDOWS\System32\DriverStore\FileRepository\nvaei.inf_amd64_ae450137397d2582;E:\Games\Overwolf\0.168.0.12;C:\Users\seba2\AppData\Local\Temp\imgui-java-natives_1616761020699

VM Arguments:
jvm_args: -Dfile.encoding=UTF-8 
java_command: dk.sebsa.ironflask.sandbox.Main
java_class_path (initial): E:\Code\Ironflask\sandbox\target\classes;E:\Code\Ironflask\engine\target\classes;C:\Users\seba2\.m2\repository\org\lwjgl\lwjgl\3.2.3\lwjgl-3.2.3.jar;C:\Users\seba2\.m2\repository\org\lwjgl\lwjgl-glfw\3.2.3\lwjgl-glfw-3.2.3.jar;C:\Users\seba2\.m2\repository\org\lwjgl\lwjgl-nfd\3.2.3\lwjgl-nfd-3.2.3.jar;C:\Users\seba2\.m2\repository\org\lwjgl\lwjgl-openal\3.2.3\lwjgl-openal-3.2.3.jar;C:\Users\seba2\.m2\repository\org\lwjgl\lwjgl-opengl\3.2.3\lwjgl-opengl-3.2.3.jar;C:\Users\seba2\.m2\repository\org\lwjgl\lwjgl-stb\3.2.3\lwjgl-stb-3.2.3.jar;C:\Users\seba2\.m2\repository\org\lwjgl\lwjgl\3.2.3\lwjgl-3.2.3-natives-windows.jar;C:\Users\seba2\.m2\repository\org\lwjgl\lwjgl-glfw\3.2.3\lwjgl-glfw-3.2.3-natives-windows.jar;C:\Users\seba2\.m2\repository\org\lwjgl\lwjgl-nfd\3.2.3\lwjgl-nfd-3.2.3-natives-windows.jar;C:\Users\seba2\.m2\repository\org\lwjgl\lwjgl-openal\3.2.3\lwjgl-openal-3.2.3-natives-windows.jar;C:\Users\seba2\.m2\repository\org\lwjgl\lwjgl-opengl\3.2.3\lwjgl-opengl-3.2.3-natives-windows.jar;C:\Users\seba2\.m2\repository\org\lwjgl\lwjgl-stb\3.2.3\lwjgl-stb-3.2.3-natives-windows.jar;C:\Users\seba2\.m2\repository\org\joml\joml\1.10.0\joml-1.10.0.jar;C:\Users\seba2\.m2\repository\io\github\spair\imgui-java-app\1.81.1\imgui-java-app-1.81.1.jar;C:\Users\seba2\.m2\repository\org\lwjgl\lwjgl\3.2.3\lwjgl-3.2.3-natives-linux.jar;C:\Users\seba2\.m2\repository\org\lwjgl\lwjgl-glfw\3.2.3\lwjgl-glfw-3.2.3-natives-linux.jar;C:\Users\seba2\.m2\repository\org\lwjgl\lwjgl-opengl\3.2.3\lwjgl-opengl-3.2.3-natives-linux.jar;C:\Users\seba2\.m2\repository\org\lwjgl\lwjgl\3.2.3\lwjgl-3.2.3-natives-macos.jar;C:\Users\seba2\.m2\repository\org\lwjgl\lwjgl-glfw\3.2.3\lwjgl-glfw-3.2.3-natives-macos.jar;C:\Users\seba2\.m2\repository\org\lwjgl\lwjgl-opengl\3.2.3\lwjgl-opengl-3.2.3-natives-macos.jar;C:\Users\seba2\.m2\repository\io\github\spair\imgui-java-binding\1.81.1\imgui-java-binding-1.81.1.jar;C:\Users\seba2\.m2\repository\io\github\spair\imgui-java-lwjgl3\1.8
Launcher Type: SUN_STANDARD

[Global flags]
     intx CICompilerCount                          = 4                                         {product} {ergonomic}
     uint ConcGCThreads                            = 2                                         {product} {ergonomic}
     uint G1ConcRefinementThreads                  = 8                                         {product} {ergonomic}
   size_t G1HeapRegionSize                         = 1048576                                   {product} {ergonomic}
    uintx GCDrainStackTargetSize                   = 64                                        {product} {ergonomic}
   size_t InitialHeapSize                          = 134217728                                 {product} {ergonomic}
   size_t MarkStackSize                            = 4194304                                   {product} {ergonomic}
   size_t MaxHeapSize                              = 2130706432                                {product} {ergonomic}
   size_t MaxNewSize                               = 1278214144                                {product} {ergonomic}
   size_t MinHeapDeltaBytes                        = 1048576                                   {product} {ergonomic}
    uintx NonNMethodCodeHeapSize                   = 5836300                                {pd product} {ergonomic}
    uintx NonProfiledCodeHeapSize                  = 122910970                              {pd product} {ergonomic}
    uintx ProfiledCodeHeapSize                     = 122910970                              {pd product} {ergonomic}
    uintx ReservedCodeCacheSize                    = 251658240                              {pd product} {ergonomic}
     bool SegmentedCodeCache                       = true                                      {product} {ergonomic}
     bool UseCompressedClassPointers               = true                                 {lp64_product} {ergonomic}
     bool UseCompressedOops                        = true                                 {lp64_product} {ergonomic}
     bool UseG1GC                                  = true                                      {product} {ergonomic}
     bool UseLargePagesIndividualAllocation        = false                                  {pd product} {ergonomic}

Logging:
Log output configuration:
 #0: stdout all=warning uptime,level,tags
 #1: stderr all=off uptime,level,tags

Environment Variables:
JAVA_HOME=C:\Program Files\Java\jdk-11.0.8
PATH=C:/Program Files/Java/jdk-11.0.8/bin/server;C:/Program Files/Java/jdk-11.0.8/bin;C:\Program Files (x86)\Common Files\Oracle\Java\javapath;C:\Python39\Scripts\;C:\Python39\;E:\Code\FFMPEG\bin;C:\Windows\System32;C:\Program Files\Git\cmd;C:\Program Files\nodejs\;C:\ProgramData\chocolatey\bin;C:\Program Files\NVIDIA Corporation\NVIDIA NvDLISR;C:\Program Files\dotnet\;C:\Program Files\qemu;C:\Gradle\bin;;C:\Program Files\CMake\bin;E:\Code\sdk\LLVM\bin;C:\Program Files\Docker\Docker\resources\bin;C:\ProgramData\DockerDesktop\version-bin;C:\Users\seba2\AppData\Local\Programs\Python\Python37\Scripts\;C:\Users\seba2\AppData\Local\Programs\Python\Python37\;C:\Users\seba2\AppData\Local\Microsoft\WindowsApps;C:\Users\seba2\AppData\Roaming\Dashlane\5.14.0.21388\bin\Firefox_Extension\{442718d9-475e-452a-b3e1-fb1ee16b8e9f}\components;C:\Users\seba2\AppData\Roaming\Dashlane\5.14.0.21388\ucrt;C:\Users\seba2\AppData\Local\atom\bin;C:\Users\seba2\AppData\Local\GitHubDesktop\bin;C:\Users\seba2\AppData\Local\Programs\Microsoft VS Code\bin;C:\Program Files\JetBrains\PyCharm Community Edition 2018.3.5\bin;C:\Program Files\JetBrains\IntelliJ IDEA Community Edition 2019.2\bin;C:\Users\seba2\.dotnet\tools;C:\Users\seba2\AppData\Local\Microsoft\WindowsApps;C:\Users\seba2\AppData\Local\BeefLang\bin;E:\apache-maven-3.6.3\bin;E:\Code\sdk\flutter\bin\;C:\Program Files\Java\jdk-11.0.8\bin;C:\Program Files\heroku\bin;C:\Users\seba2\.dotnet\tools;E:\Code\sdk\gradle\bin;C:\Users\seba2\AppData\Local\gitkraken\bin;C:\Users\seba2\AppData\Roaming\npm;C:\Program Files\Docker\Docker\resources\bin;C:\Program Files\qemu;C:\WINDOWS\System32\WindowsPowerShell\v1.0\;C:\Gradle\bin;C:\Users\seba2\.dotnet\tools;E:\Code\sdk\Depot_tools;E:\Code\sdk\llvm\bin;;C:\WINDOWS\System32;
USERNAME=seba2
OS=Windows_NT
PROCESSOR_IDENTIFIER=AMD64 Family 23 Model 1 Stepping 1, AuthenticAMD



---------------  S Y S T E M  ---------------

OS: Windows 10 , 64 bit Build 21296 (10.0.21296.1000)
HyperV virtualization detected

CPU:total 8 (initial active 8) (8 cores per cpu, 2 threads per core) family 23 model 1 stepping 1, cmov, cx8, fxsr, mmx, sse, sse2, sse3, ssse3, sse4.1, sse4.2, popcnt, avx, avx2, aes, clmul, mmxext, 3dnowpref, lzcnt, sse4a, ht, tsc, tscinvbit, tscinv, bmi1, bmi2, adx, sha, fma

Memory: 4k page, system-wide physical 8126M (2024M free)
TotalPageFile size 21438M (AvailPageFile size 10970M)
current process WorkingSet (physical memory assigned to process): 153M, peak: 178M
current process commit charge ("private bytes"): 315M, peak: 347M

vm_info: Java HotSpot(TM) 64-Bit Server VM (11.0.8+10-LTS) for windows-amd64 JRE (11.0.8+10-LTS), built on Jun 16 2020 05:53:08 by "mach5one" with unknown MS VC++:1916

END.
