#
# A fatal error has been detected by the Java Runtime Environment:
#
#  EXCEPTION_ACCESS_VIOLATION (0xc0000005) at pc=0x00007ffea35dc346, pid=19196, tid=1768
#
# JRE version: Java(TM) SE Runtime Environment 18.9 (11.0.8+10) (build 11.0.8+10-LTS)
# Java VM: Java HotSpot(TM) 64-Bit Server VM 18.9 (11.0.8+10-LTS, mixed mode, tiered, compressed oops, g1 gc, windows-amd64)
# Problematic frame:
# C  [ntdll.dll+0x2c346]
#
# No core dump will be written. Minidumps are not enabled by default on client versions of Windows
#
# If you would like to submit a bug report, please visit:
#   https://bugreport.java.com/bugreport/crash.jsp
# The crash happened outside the Java Virtual Machine in native code.
# See problematic frame for where to report the bug.
#

---------------  S U M M A R Y ------------

Command Line: -agentlib:jdwp=transport=dt_socket,suspend=y,address=localhost:62348 -javaagent:E:\Code\IDE\Eclipse-java-2020-09\eclipse\configuration\org.eclipse.osgi\893\0\.cp\lib\javaagent-shaded.jar -Dfile.encoding=UTF-8 dk.sebsa.ironflask.sandbox.Main

Host: AMD Ryzen 5 1400 Quad-Core Processor           , 8 cores, 7G,  Windows 10 , 64 bit Build 21296 (10.0.21296.1000)
Time: Fri Mar 26 13:18:28 2021 Rom, normaltid elapsed time: 2 seconds (0d 0h 0m 2s)

---------------  T H R E A D  ---------------

Current thread (0x000001f3eb5cc000):  JavaThread "main" [_thread_in_native, id=1768, stack(0x0000004aaed00000,0x0000004aaee00000)]

Stack: [0x0000004aaed00000,0x0000004aaee00000],  sp=0x0000004aaedfefb0,  free space=1019k
Native frames: (J=compiled Java code, j=interpreted, Vv=VM code, C=native code)
C  [ntdll.dll+0x2c346]
C  [ntdll.dll+0x2af81]
C  [lwjgl.dll+0x2a1b8]

Java frames: (J=compiled Java code, j=interpreted, Vv=VM code)
j  org.lwjgl.system.libc.LibCStdlib.nfree(J)V+0
j  org.lwjgl.system.MemoryManage$StdlibAllocator.free(J)V+1
j  org.lwjgl.system.MemoryUtil.nmemFree(J)V+4
j  org.lwjgl.system.MemoryUtil.memFree(Ljava/nio/Buffer;)V+14
j  dk.sebsa.ironflask.engine.audio.AudioClip.cleanup()V+26
j  dk.sebsa.ironflask.engine.audio.AudioManager.clear()V+78
j  dk.sebsa.ironflask.engine.audio.AudioManager.cleanup()V+1
J 1308% c1 dk.sebsa.ironflask.engine.Application.run()V (119 bytes) @ 0x000001f38084d6e4 [0x000001f38084cee0+0x0000000000000804]
j  dk.sebsa.ironflask.sandbox.Main.main([Ljava/lang/String;)V+55
v  ~StubRoutines::call_stub

siginfo: EXCEPTION_ACCESS_VIOLATION (0xc0000005), reading address 0x000001f39658303f


Register to memory mapping:

RIP=0x00007ffea35dc346 ntdll.dll
RAX=0x0 is NULL
RBX=0x000001f396583030 is an unknown value
RCX=0x000001f3e9350000 points into unknown readable memory: 00 00 00 00 00 00 00 00
RDX=0x000001f396583040 is an unknown value
RSP=0x0000004aaedfefb0 is pointing into the stack for thread: 0x000001f3eb5cc000
RBP=0x0000004aaedff158 is pointing into the stack for thread: 0x000001f3eb5cc000
RSI=0x000001f3e9350000 points into unknown readable memory: 00 00 00 00 00 00 00 00
RDI=0x0 is NULL
R8 =0x0 is NULL
R9 =0x0 is NULL
R10=0x000001f380015c27 is at code_begin+1959 in an Interpreter codelet
method entry point (kind = native)  [0x000001f380015480, 0x000001f380016820]  5024 bytes
R11=0x00000000877ec998 is an oop: java.lang.Class 
{0x00000000877ec998} - klass: 'java/lang/Class'
R12=0x0 is NULL
R13=0x0 is NULL
R14=0x000001f396583040 is an unknown value
R15=0x0 is NULL


Registers:
RAX=0x0000000000000000, RBX=0x000001f396583030, RCX=0x000001f3e9350000, RDX=0x000001f396583040
RSP=0x0000004aaedfefb0, RBP=0x0000004aaedff158, RSI=0x000001f3e9350000, RDI=0x0000000000000000
R8 =0x0000000000000000, R9 =0x0000000000000000, R10=0x000001f380015c27, R11=0x00000000877ec998
R12=0x0000000000000000, R13=0x0000000000000000, R14=0x000001f396583040, R15=0x0000000000000000
RIP=0x00007ffea35dc346, EFLAGS=0x0000000000010246

Top of Stack: (sp=0x0000004aaedfefb0)
0x0000004aaedfefb0:   0000000000000000 0000000000000000
0x0000004aaedfefc0:   0000000000000000 0000000000000000
0x0000004aaedfefd0:   0000000000000000 0000000000000000
0x0000004aaedfefe0:   0000000000000000 0000000000000000
0x0000004aaedfeff0:   0000000000000000 0000000000000000
0x0000004aaedff000:   0000000000000000 0000000000000000
0x0000004aaedff010:   0000000000000000 0000000000000000
0x0000004aaedff020:   0000000000000000 0000000000000000
0x0000004aaedff030:   0000000000000000 0000000000000000
0x0000004aaedff040:   000001f3eb5cc000 0000004aaedff180
0x0000004aaedff050:   000001f3fceeb3a0 0000000000000000
0x0000004aaedff060:   000001f396583040 00007ffea35daf81
0x0000004aaedff070:   000001f396583030 000001f3e9350000
0x0000004aaedff080:   0000000000000000 00007ffe32774236
0x0000004aaedff090:   0000000000000000 0000000000000000
0x0000004aaedff0a0:   000001f38000c948 00007ffe92b3a1b8 

Instructions: (pc=0x00007ffea35dc346)
0x00007ffea35dc326:   c6 ec ff ff 85 c0 0f 84 aa fb ff ff e9 d1 51 08
0x00007ffea35dc336:   00 48 8d 5a f0 48 89 9c 24 c0 00 00 00 0f 0d 0b
0x00007ffea35dc346:   80 7b 0f 05 75 13 0f b6 43 0e 48 c1 e0 04 48 2b
0x00007ffea35dc356:   d8 48 89 9c 24 c0 00 00 00 f6 43 0f 3f 0f 85 5c 


Stack slot to memory mapping:
stack at sp + 0 slots: 0x0 is NULL
stack at sp + 1 slots: 0x0 is NULL
stack at sp + 2 slots: 0x0 is NULL
stack at sp + 3 slots: 0x0 is NULL
stack at sp + 4 slots: 0x0 is NULL
stack at sp + 5 slots: 0x0 is NULL
stack at sp + 6 slots: 0x0 is NULL
stack at sp + 7 slots: 0x0 is NULL


---------------  P R O C E S S  ---------------

Threads class SMR info:
_java_thread_list=0x000001f3fddd1a50, length=13, elements={
0x000001f3eb5cc000, 0x000001f3fb30c800, 0x000001f3fb317800, 0x000001f3fb327000,
0x000001f3fb328800, 0x000001f3fb32a800, 0x000001f3fb32c800, 0x000001f3fbba3000,
0x000001f3fbba3800, 0x000001f3fbf26800, 0x000001f3fbf27800, 0x000001f3fc0ca800,
0x000001f3fbba1000
}

Java Threads: ( => current thread )
=>0x000001f3eb5cc000 JavaThread "main" [_thread_in_native, id=1768, stack(0x0000004aaed00000,0x0000004aaee00000)]
  0x000001f3fb30c800 JavaThread "Reference Handler" daemon [_thread_blocked, id=17500, stack(0x0000004aaf400000,0x0000004aaf500000)]
  0x000001f3fb317800 JavaThread "Finalizer" daemon [_thread_blocked, id=6968, stack(0x0000004aaf500000,0x0000004aaf600000)]
  0x000001f3fb327000 JavaThread "Signal Dispatcher" daemon [_thread_blocked, id=7348, stack(0x0000004aaf600000,0x0000004aaf700000)]
  0x000001f3fb328800 JavaThread "Attach Listener" daemon [_thread_blocked, id=10396, stack(0x0000004aaf700000,0x0000004aaf800000)]
  0x000001f3fb32a800 JavaThread "C2 CompilerThread0" daemon [_thread_blocked, id=4988, stack(0x0000004aaf800000,0x0000004aaf900000)]
  0x000001f3fb32c800 JavaThread "C1 CompilerThread0" daemon [_thread_blocked, id=4300, stack(0x0000004aaf900000,0x0000004aafa00000)]
  0x000001f3fbba3000 JavaThread "Sweeper thread" daemon [_thread_blocked, id=14424, stack(0x0000004aafa00000,0x0000004aafb00000)]
  0x000001f3fbba3800 JavaThread "Common-Cleaner" daemon [_thread_blocked, id=6276, stack(0x0000004aafb00000,0x0000004aafc00000)]
  0x000001f3fbf26800 JavaThread "JDWP Transport Listener: dt_socket" daemon [_thread_blocked, id=18820, stack(0x0000004aafd00000,0x0000004aafe00000)]
  0x000001f3fbf27800 JavaThread "JDWP Event Helper Thread" daemon [_thread_blocked, id=5128, stack(0x0000004aafe00000,0x0000004aaff00000)]
  0x000001f3fc0ca800 JavaThread "JDWP Command Reader" daemon [_thread_in_native, id=18844, stack(0x0000004aaff00000,0x0000004ab0000000)]
  0x000001f3fbba1000 JavaThread "Service Thread" daemon [_thread_blocked, id=17744, stack(0x0000004ab0000000,0x0000004ab0100000)]

Other Threads:
  0x000001f3fb30a000 VMThread "VM Thread" [stack: 0x0000004aaf300000,0x0000004aaf400000] [id=17256]
  0x000001f3fc219000 WatcherThread [stack: 0x0000004ab0100000,0x0000004ab0200000] [id=8032]
  0x000001f3eb5e3000 GCTaskThread "GC Thread#0" [stack: 0x0000004aaee00000,0x0000004aaef00000] [id=17712]
  0x000001f3fd683000 GCTaskThread "GC Thread#1" [stack: 0x0000004ab0700000,0x0000004ab0800000] [id=3612]
  0x000001f3fd5d3800 GCTaskThread "GC Thread#2" [stack: 0x0000004ab0800000,0x0000004ab0900000] [id=15320]
  0x000001f3eb615800 ConcurrentGCThread "G1 Main Marker" [stack: 0x0000004aaef00000,0x0000004aaf000000] [id=13968]
  0x000001f3eb617800 ConcurrentGCThread "G1 Conc#0" [stack: 0x0000004aaf000000,0x0000004aaf100000] [id=14932]
  0x000001f3fb173800 ConcurrentGCThread "G1 Refine#0" [stack: 0x0000004aaf100000,0x0000004aaf200000] [id=15564]
  0x000001f3fb176800 ConcurrentGCThread "G1 Young RemSet Sampling" [stack: 0x0000004aaf200000,0x0000004aaf300000] [id=20948]

Threads with active compile tasks:

VM state:not at safepoint (normal execution)

VM Mutex/Monitor currently owned by a thread: None

Heap address: 0x0000000081000000, size: 2032 MB, Compressed Oops mode: 32-bit
Narrow klass base: 0x0000000000000000, Narrow klass shift: 3
Compressed class space size: 1073741824 Address: 0x0000000100000000

Heap:
 garbage-first heap   total 131072K, used 31547K [0x0000000081000000, 0x0000000100000000)
  region size 1024K, 33 young (33792K), 3 survivors (3072K)
 Metaspace       used 18114K, capacity 18397K, committed 18688K, reserved 1067008K
  class space    used 1373K, capacity 1453K, committed 1536K, reserved 1048576K
Heap Regions: E=young(eden), S=young(survivor), O=old, HS=humongous(starts), HC=humongous(continues), CS=collection set, F=free, A=archive, TAMS=top-at-mark-start (previous, next)
|   0|0x0000000081000000, 0x0000000081000000, 0x0000000081100000|  0%| F|  |TAMS 0x0000000081000000, 0x0000000081000000| Untracked 
|   1|0x0000000081100000, 0x0000000081100000, 0x0000000081200000|  0%| F|  |TAMS 0x0000000081100000, 0x0000000081100000| Untracked 
|   2|0x0000000081200000, 0x0000000081200000, 0x0000000081300000|  0%| F|  |TAMS 0x0000000081200000, 0x0000000081200000| Untracked 
|   3|0x0000000081300000, 0x0000000081300000, 0x0000000081400000|  0%| F|  |TAMS 0x0000000081300000, 0x0000000081300000| Untracked 
|   4|0x0000000081400000, 0x0000000081400000, 0x0000000081500000|  0%| F|  |TAMS 0x0000000081400000, 0x0000000081400000| Untracked 
|   5|0x0000000081500000, 0x0000000081500000, 0x0000000081600000|  0%| F|  |TAMS 0x0000000081500000, 0x0000000081500000| Untracked 
|   6|0x0000000081600000, 0x0000000081600000, 0x0000000081700000|  0%| F|  |TAMS 0x0000000081600000, 0x0000000081600000| Untracked 
|   7|0x0000000081700000, 0x0000000081700000, 0x0000000081800000|  0%| F|  |TAMS 0x0000000081700000, 0x0000000081700000| Untracked 
|   8|0x0000000081800000, 0x0000000081800000, 0x0000000081900000|  0%| F|  |TAMS 0x0000000081800000, 0x0000000081800000| Untracked 
|   9|0x0000000081900000, 0x0000000081900000, 0x0000000081a00000|  0%| F|  |TAMS 0x0000000081900000, 0x0000000081900000| Untracked 
|  10|0x0000000081a00000, 0x0000000081a00000, 0x0000000081b00000|  0%| F|  |TAMS 0x0000000081a00000, 0x0000000081a00000| Untracked 
|  11|0x0000000081b00000, 0x0000000081b00000, 0x0000000081c00000|  0%| F|  |TAMS 0x0000000081b00000, 0x0000000081b00000| Untracked 
|  12|0x0000000081c00000, 0x0000000081c00000, 0x0000000081d00000|  0%| F|  |TAMS 0x0000000081c00000, 0x0000000081c00000| Untracked 
|  13|0x0000000081d00000, 0x0000000081d00000, 0x0000000081e00000|  0%| F|  |TAMS 0x0000000081d00000, 0x0000000081d00000| Untracked 
|  14|0x0000000081e00000, 0x0000000081e00000, 0x0000000081f00000|  0%| F|  |TAMS 0x0000000081e00000, 0x0000000081e00000| Untracked 
|  15|0x0000000081f00000, 0x0000000081f00000, 0x0000000082000000|  0%| F|  |TAMS 0x0000000081f00000, 0x0000000081f00000| Untracked 
|  16|0x0000000082000000, 0x0000000082000000, 0x0000000082100000|  0%| F|  |TAMS 0x0000000082000000, 0x0000000082000000| Untracked 
|  17|0x0000000082100000, 0x0000000082100000, 0x0000000082200000|  0%| F|  |TAMS 0x0000000082100000, 0x0000000082100000| Untracked 
|  18|0x0000000082200000, 0x0000000082200000, 0x0000000082300000|  0%| F|  |TAMS 0x0000000082200000, 0x0000000082200000| Untracked 
|  19|0x0000000082300000, 0x0000000082300000, 0x0000000082400000|  0%| F|  |TAMS 0x0000000082300000, 0x0000000082300000| Untracked 
|  20|0x0000000082400000, 0x0000000082400000, 0x0000000082500000|  0%| F|  |TAMS 0x0000000082400000, 0x0000000082400000| Untracked 
|  21|0x0000000082500000, 0x0000000082500000, 0x0000000082600000|  0%| F|  |TAMS 0x0000000082500000, 0x0000000082500000| Untracked 
|  22|0x0000000082600000, 0x0000000082600000, 0x0000000082700000|  0%| F|  |TAMS 0x0000000082600000, 0x0000000082600000| Untracked 
|  23|0x0000000082700000, 0x0000000082700000, 0x0000000082800000|  0%| F|  |TAMS 0x0000000082700000, 0x0000000082700000| Untracked 
|  24|0x0000000082800000, 0x0000000082800000, 0x0000000082900000|  0%| F|  |TAMS 0x0000000082800000, 0x0000000082800000| Untracked 
|  25|0x0000000082900000, 0x0000000082900000, 0x0000000082a00000|  0%| F|  |TAMS 0x0000000082900000, 0x0000000082900000| Untracked 
|  26|0x0000000082a00000, 0x0000000082a00000, 0x0000000082b00000|  0%| F|  |TAMS 0x0000000082a00000, 0x0000000082a00000| Untracked 
|  27|0x0000000082b00000, 0x0000000082b00000, 0x0000000082c00000|  0%| F|  |TAMS 0x0000000082b00000, 0x0000000082b00000| Untracked 
|  28|0x0000000082c00000, 0x0000000082c00000, 0x0000000082d00000|  0%| F|  |TAMS 0x0000000082c00000, 0x0000000082c00000| Untracked 
|  29|0x0000000082d00000, 0x0000000082d00000, 0x0000000082e00000|  0%| F|  |TAMS 0x0000000082d00000, 0x0000000082d00000| Untracked 
|  30|0x0000000082e00000, 0x0000000082e00000, 0x0000000082f00000|  0%| F|  |TAMS 0x0000000082e00000, 0x0000000082e00000| Untracked 
|  31|0x0000000082f00000, 0x0000000082f00000, 0x0000000083000000|  0%| F|  |TAMS 0x0000000082f00000, 0x0000000082f00000| Untracked 
|  32|0x0000000083000000, 0x0000000083000000, 0x0000000083100000|  0%| F|  |TAMS 0x0000000083000000, 0x0000000083000000| Untracked 
|  33|0x0000000083100000, 0x0000000083100000, 0x0000000083200000|  0%| F|  |TAMS 0x0000000083100000, 0x0000000083100000| Untracked 
|  34|0x0000000083200000, 0x0000000083200000, 0x0000000083300000|  0%| F|  |TAMS 0x0000000083200000, 0x0000000083200000| Untracked 
|  35|0x0000000083300000, 0x0000000083300000, 0x0000000083400000|  0%| F|  |TAMS 0x0000000083300000, 0x0000000083300000| Untracked 
|  36|0x0000000083400000, 0x0000000083400000, 0x0000000083500000|  0%| F|  |TAMS 0x0000000083400000, 0x0000000083400000| Untracked 
|  37|0x0000000083500000, 0x0000000083500000, 0x0000000083600000|  0%| F|  |TAMS 0x0000000083500000, 0x0000000083500000| Untracked 
|  38|0x0000000083600000, 0x0000000083600000, 0x0000000083700000|  0%| F|  |TAMS 0x0000000083600000, 0x0000000083600000| Untracked 
|  39|0x0000000083700000, 0x0000000083700000, 0x0000000083800000|  0%| F|  |TAMS 0x0000000083700000, 0x0000000083700000| Untracked 
|  40|0x0000000083800000, 0x0000000083800000, 0x0000000083900000|  0%| F|  |TAMS 0x0000000083800000, 0x0000000083800000| Untracked 
|  41|0x0000000083900000, 0x0000000083900000, 0x0000000083a00000|  0%| F|  |TAMS 0x0000000083900000, 0x0000000083900000| Untracked 
|  42|0x0000000083a00000, 0x0000000083a00000, 0x0000000083b00000|  0%| F|  |TAMS 0x0000000083a00000, 0x0000000083a00000| Untracked 
|  43|0x0000000083b00000, 0x0000000083b00000, 0x0000000083c00000|  0%| F|  |TAMS 0x0000000083b00000, 0x0000000083b00000| Untracked 
|  44|0x0000000083c00000, 0x0000000083c00000, 0x0000000083d00000|  0%| F|  |TAMS 0x0000000083c00000, 0x0000000083c00000| Untracked 
|  45|0x0000000083d00000, 0x0000000083d00000, 0x0000000083e00000|  0%| F|  |TAMS 0x0000000083d00000, 0x0000000083d00000| Untracked 
|  46|0x0000000083e00000, 0x0000000083e00000, 0x0000000083f00000|  0%| F|  |TAMS 0x0000000083e00000, 0x0000000083e00000| Untracked 
|  47|0x0000000083f00000, 0x0000000083f00000, 0x0000000084000000|  0%| F|  |TAMS 0x0000000083f00000, 0x0000000083f00000| Untracked 
|  48|0x0000000084000000, 0x0000000084000000, 0x0000000084100000|  0%| F|  |TAMS 0x0000000084000000, 0x0000000084000000| Untracked 
|  49|0x0000000084100000, 0x0000000084100000, 0x0000000084200000|  0%| F|  |TAMS 0x0000000084100000, 0x0000000084100000| Untracked 
|  50|0x0000000084200000, 0x0000000084200000, 0x0000000084300000|  0%| F|  |TAMS 0x0000000084200000, 0x0000000084200000| Untracked 
|  51|0x0000000084300000, 0x0000000084300000, 0x0000000084400000|  0%| F|  |TAMS 0x0000000084300000, 0x0000000084300000| Untracked 
|  52|0x0000000084400000, 0x0000000084400000, 0x0000000084500000|  0%| F|  |TAMS 0x0000000084400000, 0x0000000084400000| Untracked 
|  53|0x0000000084500000, 0x0000000084500000, 0x0000000084600000|  0%| F|  |TAMS 0x0000000084500000, 0x0000000084500000| Untracked 
|  54|0x0000000084600000, 0x0000000084600000, 0x0000000084700000|  0%| F|  |TAMS 0x0000000084600000, 0x0000000084600000| Untracked 
|  55|0x0000000084700000, 0x0000000084700000, 0x0000000084800000|  0%| F|  |TAMS 0x0000000084700000, 0x0000000084700000| Untracked 
|  56|0x0000000084800000, 0x0000000084800000, 0x0000000084900000|  0%| F|  |TAMS 0x0000000084800000, 0x0000000084800000| Untracked 
|  57|0x0000000084900000, 0x0000000084900000, 0x0000000084a00000|  0%| F|  |TAMS 0x0000000084900000, 0x0000000084900000| Untracked 
|  58|0x0000000084a00000, 0x0000000084a00000, 0x0000000084b00000|  0%| F|  |TAMS 0x0000000084a00000, 0x0000000084a00000| Untracked 
|  59|0x0000000084b00000, 0x0000000084b00000, 0x0000000084c00000|  0%| F|  |TAMS 0x0000000084b00000, 0x0000000084b00000| Untracked 
|  60|0x0000000084c00000, 0x0000000084c00000, 0x0000000084d00000|  0%| F|  |TAMS 0x0000000084c00000, 0x0000000084c00000| Untracked 
|  61|0x0000000084d00000, 0x0000000084d00000, 0x0000000084e00000|  0%| F|  |TAMS 0x0000000084d00000, 0x0000000084d00000| Untracked 
|  62|0x0000000084e00000, 0x0000000084e00000, 0x0000000084f00000|  0%| F|  |TAMS 0x0000000084e00000, 0x0000000084e00000| Untracked 
|  63|0x0000000084f00000, 0x0000000084f00000, 0x0000000085000000|  0%| F|  |TAMS 0x0000000084f00000, 0x0000000084f00000| Untracked 
|  64|0x0000000085000000, 0x0000000085000000, 0x0000000085100000|  0%| F|  |TAMS 0x0000000085000000, 0x0000000085000000| Untracked 
|  65|0x0000000085100000, 0x0000000085100000, 0x0000000085200000|  0%| F|  |TAMS 0x0000000085100000, 0x0000000085100000| Untracked 
|  66|0x0000000085200000, 0x0000000085200000, 0x0000000085300000|  0%| F|  |TAMS 0x0000000085200000, 0x0000000085200000| Untracked 
|  67|0x0000000085300000, 0x0000000085300000, 0x0000000085400000|  0%| F|  |TAMS 0x0000000085300000, 0x0000000085300000| Untracked 
|  68|0x0000000085400000, 0x0000000085400000, 0x0000000085500000|  0%| F|  |TAMS 0x0000000085400000, 0x0000000085400000| Untracked 
|  69|0x0000000085500000, 0x0000000085500000, 0x0000000085600000|  0%| F|  |TAMS 0x0000000085500000, 0x0000000085500000| Untracked 
|  70|0x0000000085600000, 0x0000000085600000, 0x0000000085700000|  0%| F|  |TAMS 0x0000000085600000, 0x0000000085600000| Untracked 
|  71|0x0000000085700000, 0x0000000085700000, 0x0000000085800000|  0%| F|  |TAMS 0x0000000085700000, 0x0000000085700000| Untracked 
|  72|0x0000000085800000, 0x0000000085800000, 0x0000000085900000|  0%| F|  |TAMS 0x0000000085800000, 0x0000000085800000| Untracked 
|  73|0x0000000085900000, 0x0000000085900000, 0x0000000085a00000|  0%| F|  |TAMS 0x0000000085900000, 0x0000000085900000| Untracked 
|  74|0x0000000085a00000, 0x0000000085a00000, 0x0000000085b00000|  0%| F|  |TAMS 0x0000000085a00000, 0x0000000085a00000| Untracked 
|  75|0x0000000085b00000, 0x0000000085b00000, 0x0000000085c00000|  0%| F|  |TAMS 0x0000000085b00000, 0x0000000085b00000| Untracked 
|  76|0x0000000085c00000, 0x0000000085c00000, 0x0000000085d00000|  0%| F|  |TAMS 0x0000000085c00000, 0x0000000085c00000| Untracked 
|  77|0x0000000085d00000, 0x0000000085d00000, 0x0000000085e00000|  0%| F|  |TAMS 0x0000000085d00000, 0x0000000085d00000| Untracked 
|  78|0x0000000085e00000, 0x0000000085e00000, 0x0000000085f00000|  0%| F|  |TAMS 0x0000000085e00000, 0x0000000085e00000| Untracked 
|  79|0x0000000085f00000, 0x0000000085f00000, 0x0000000086000000|  0%| F|  |TAMS 0x0000000085f00000, 0x0000000085f00000| Untracked 
|  80|0x0000000086000000, 0x0000000086000000, 0x0000000086100000|  0%| F|  |TAMS 0x0000000086000000, 0x0000000086000000| Untracked 
|  81|0x0000000086100000, 0x0000000086100000, 0x0000000086200000|  0%| F|  |TAMS 0x0000000086100000, 0x0000000086100000| Untracked 
|  82|0x0000000086200000, 0x0000000086200000, 0x0000000086300000|  0%| F|  |TAMS 0x0000000086200000, 0x0000000086200000| Untracked 
|  83|0x0000000086300000, 0x0000000086300000, 0x0000000086400000|  0%| F|  |TAMS 0x0000000086300000, 0x0000000086300000| Untracked 
|  84|0x0000000086400000, 0x0000000086400000, 0x0000000086500000|  0%| F|  |TAMS 0x0000000086400000, 0x0000000086400000| Untracked 
|  85|0x0000000086500000, 0x0000000086500000, 0x0000000086600000|  0%| F|  |TAMS 0x0000000086500000, 0x0000000086500000| Untracked 
|  86|0x0000000086600000, 0x0000000086600000, 0x0000000086700000|  0%| F|  |TAMS 0x0000000086600000, 0x0000000086600000| Untracked 
|  87|0x0000000086700000, 0x0000000086700000, 0x0000000086800000|  0%| F|  |TAMS 0x0000000086700000, 0x0000000086700000| Untracked 
|  88|0x0000000086800000, 0x0000000086800000, 0x0000000086900000|  0%| F|  |TAMS 0x0000000086800000, 0x0000000086800000| Untracked 
|  89|0x0000000086900000, 0x0000000086900000, 0x0000000086a00000|  0%| F|  |TAMS 0x0000000086900000, 0x0000000086900000| Untracked 
|  90|0x0000000086a00000, 0x0000000086a00000, 0x0000000086b00000|  0%| F|  |TAMS 0x0000000086a00000, 0x0000000086a00000| Untracked 
|  91|0x0000000086b00000, 0x0000000086b00000, 0x0000000086c00000|  0%| F|  |TAMS 0x0000000086b00000, 0x0000000086b00000| Untracked 
|  92|0x0000000086c00000, 0x0000000086c00000, 0x0000000086d00000|  0%| F|  |TAMS 0x0000000086c00000, 0x0000000086c00000| Untracked 
|  93|0x0000000086d00000, 0x0000000086d00000, 0x0000000086e00000|  0%| F|  |TAMS 0x0000000086d00000, 0x0000000086d00000| Untracked 
|  94|0x0000000086e00000, 0x0000000086e00000, 0x0000000086f00000|  0%| F|  |TAMS 0x0000000086e00000, 0x0000000086e00000| Untracked 
|  95|0x0000000086f00000, 0x0000000086ffcf48, 0x0000000087000000| 98%| E|  |TAMS 0x0000000086f00000, 0x0000000086f00000| Complete 
|  96|0x0000000087000000, 0x0000000087100000, 0x0000000087100000|100%| E|CS|TAMS 0x0000000087000000, 0x0000000087000000| Complete 
|  97|0x0000000087100000, 0x0000000087200000, 0x0000000087200000|100%| E|CS|TAMS 0x0000000087100000, 0x0000000087100000| Complete 
|  98|0x0000000087200000, 0x0000000087300000, 0x0000000087300000|100%| E|CS|TAMS 0x0000000087200000, 0x0000000087200000| Complete 
|  99|0x0000000087300000, 0x0000000087400000, 0x0000000087400000|100%| E|CS|TAMS 0x0000000087300000, 0x0000000087300000| Complete 
| 100|0x0000000087400000, 0x0000000087500000, 0x0000000087500000|100%| E|CS|TAMS 0x0000000087400000, 0x0000000087400000| Complete 
| 101|0x0000000087500000, 0x00000000875cee60, 0x0000000087600000| 80%| S|CS|TAMS 0x0000000087500000, 0x0000000087500000| Complete 
| 102|0x0000000087600000, 0x0000000087700000, 0x0000000087700000|100%| S|CS|TAMS 0x0000000087600000, 0x0000000087600000| Complete 
| 103|0x0000000087700000, 0x0000000087800000, 0x0000000087800000|100%| S|CS|TAMS 0x0000000087700000, 0x0000000087700000| Complete 
| 104|0x0000000087800000, 0x0000000087900000, 0x0000000087900000|100%| E|  |TAMS 0x0000000087800000, 0x0000000087800000| Complete 
| 105|0x0000000087900000, 0x0000000087a00000, 0x0000000087a00000|100%| E|CS|TAMS 0x0000000087900000, 0x0000000087900000| Complete 
| 106|0x0000000087a00000, 0x0000000087b00000, 0x0000000087b00000|100%| E|CS|TAMS 0x0000000087a00000, 0x0000000087a00000| Complete 
| 107|0x0000000087b00000, 0x0000000087c00000, 0x0000000087c00000|100%| E|CS|TAMS 0x0000000087b00000, 0x0000000087b00000| Complete 
| 108|0x0000000087c00000, 0x0000000087d00000, 0x0000000087d00000|100%| E|CS|TAMS 0x0000000087c00000, 0x0000000087c00000| Complete 
| 109|0x0000000087d00000, 0x0000000087e00000, 0x0000000087e00000|100%| E|CS|TAMS 0x0000000087d00000, 0x0000000087d00000| Complete 
| 110|0x0000000087e00000, 0x0000000087f00000, 0x0000000087f00000|100%| E|CS|TAMS 0x0000000087e00000, 0x0000000087e00000| Complete 
| 111|0x0000000087f00000, 0x0000000088000000, 0x0000000088000000|100%| E|CS|TAMS 0x0000000087f00000, 0x0000000087f00000| Complete 
| 112|0x0000000088000000, 0x0000000088100000, 0x0000000088100000|100%| E|CS|TAMS 0x0000000088000000, 0x0000000088000000| Complete 
| 113|0x0000000088100000, 0x0000000088200000, 0x0000000088200000|100%| E|CS|TAMS 0x0000000088100000, 0x0000000088100000| Complete 
| 114|0x0000000088200000, 0x0000000088300000, 0x0000000088300000|100%| E|CS|TAMS 0x0000000088200000, 0x0000000088200000| Complete 
| 115|0x0000000088300000, 0x0000000088400000, 0x0000000088400000|100%| E|CS|TAMS 0x0000000088300000, 0x0000000088300000| Complete 
| 116|0x0000000088400000, 0x0000000088500000, 0x0000000088500000|100%| E|CS|TAMS 0x0000000088400000, 0x0000000088400000| Complete 
| 117|0x0000000088500000, 0x0000000088600000, 0x0000000088600000|100%| E|CS|TAMS 0x0000000088500000, 0x0000000088500000| Complete 
| 118|0x0000000088600000, 0x0000000088700000, 0x0000000088700000|100%| E|CS|TAMS 0x0000000088600000, 0x0000000088600000| Complete 
| 119|0x0000000088700000, 0x0000000088800000, 0x0000000088800000|100%| E|CS|TAMS 0x0000000088700000, 0x0000000088700000| Complete 
| 120|0x0000000088800000, 0x0000000088900000, 0x0000000088900000|100%| E|CS|TAMS 0x0000000088800000, 0x0000000088800000| Complete 
| 121|0x0000000088900000, 0x0000000088a00000, 0x0000000088a00000|100%| E|CS|TAMS 0x0000000088900000, 0x0000000088900000| Complete 
| 122|0x0000000088a00000, 0x0000000088b00000, 0x0000000088b00000|100%| E|CS|TAMS 0x0000000088a00000, 0x0000000088a00000| Complete 
| 123|0x0000000088b00000, 0x0000000088c00000, 0x0000000088c00000|100%| E|CS|TAMS 0x0000000088b00000, 0x0000000088b00000| Complete 
| 124|0x0000000088c00000, 0x0000000088d00000, 0x0000000088d00000|100%| E|CS|TAMS 0x0000000088c00000, 0x0000000088c00000| Complete 
| 125|0x0000000088d00000, 0x0000000088e00000, 0x0000000088e00000|100%| E|CS|TAMS 0x0000000088d00000, 0x0000000088d00000| Complete 
| 126|0x0000000088e00000, 0x0000000088f00000, 0x0000000088f00000|100%| E|CS|TAMS 0x0000000088e00000, 0x0000000088e00000| Complete 
| 127|0x0000000088f00000, 0x0000000089000000, 0x0000000089000000|100%| E|CS|TAMS 0x0000000088f00000, 0x0000000088f00000| Complete 

Card table byte_map: [0x000001f3f4120000,0x000001f3f4520000] _byte_map_base: 0x000001f3f3d18000

Marking Bits (Prev, Next): (CMBitMap*) 0x000001f3eb60ccf8, (CMBitMap*) 0x000001f3eb60cd30
 Prev Bits: [0x000001f3f4920000, 0x000001f3f68e0000)
 Next Bits: [0x000001f3f68e0000, 0x000001f3f88a0000)

Polling page: 0x000001f3e9530000

Metaspace:

Usage:
  Non-class:     16.55 MB capacity,    16.35 MB ( 99%) used,   181.02 KB (  1%) free+waste,    22.31 KB ( <1%) overhead. 
      Class:      1.42 MB capacity,     1.34 MB ( 95%) used,    71.07 KB (  5%) free+waste,     8.13 KB ( <1%) overhead. 
       Both:     17.97 MB capacity,    17.69 MB ( 98%) used,   252.09 KB (  1%) free+waste,    30.44 KB ( <1%) overhead. 

Virtual space:
  Non-class space:       18.00 MB reserved,      16.75 MB ( 93%) committed 
      Class space:        1.00 GB reserved,       1.50 MB ( <1%) committed 
             Both:        1.02 GB reserved,      18.25 MB (  2%) committed 

Chunk freelists:
   Non-Class:  10.00 KB
       Class:  2.38 KB
        Both:  12.38 KB

CodeHeap 'non-profiled nmethods': size=120000Kb used=656Kb max_used=656Kb free=119343Kb
 bounds [0x000001f387ad0000, 0x000001f387d40000, 0x000001f38f000000]
CodeHeap 'profiled nmethods': size=120000Kb used=3020Kb max_used=3020Kb free=116979Kb
 bounds [0x000001f3805a0000, 0x000001f3808a0000, 0x000001f387ad0000]
CodeHeap 'non-nmethods': size=5760Kb used=1698Kb max_used=1730Kb free=4061Kb
 bounds [0x000001f380000000, 0x000001f380270000, 0x000001f3805a0000]
 total_blobs=2607 nmethods=1394 adapters=1133
 compilation: enabled
              stopped_count=0, restarted_count=0
 full_count=0

Compilation events (10 events):
Event: 2.552 Thread 0x000001f3fb32c800 1389       3       java.util.concurrent.ConcurrentHashMap$Traverser::<init> (36 bytes)
Event: 2.552 Thread 0x000001f3fb32c800 nmethod 1389 0x000001f38088ee90 code [0x000001f38088f040, 0x000001f38088f298]
Event: 2.552 Thread 0x000001f3fb32c800 1390       3       java.util.concurrent.ConcurrentHashMap::isEmpty (15 bytes)
Event: 2.552 Thread 0x000001f3fb32c800 nmethod 1390 0x000001f38088f390 code [0x000001f38088f540, 0x000001f38088f750]
Event: 2.556 Thread 0x000001f3fb32c800 1392   !   3       jdk.internal.loader.Resource::getBytes (242 bytes)
Event: 2.557 Thread 0x000001f3fb32c800 nmethod 1392 0x000001f38088f810 code [0x000001f38088fb60, 0x000001f3808916d0]
Event: 2.557 Thread 0x000001f3fb32c800 1393       3       java.lang.ClassLoader::defineClass (43 bytes)
Event: 2.557 Thread 0x000001f3fb32c800 nmethod 1393 0x000001f380892210 code [0x000001f380892420, 0x000001f3808929a0]
Event: 2.609 Thread 0x000001f3fb32c800 1394       3       java.util.regex.Pattern::next (33 bytes)
Event: 2.609 Thread 0x000001f3fb32c800 nmethod 1394 0x000001f380892c90 code [0x000001f380892e60, 0x000001f380893150]

GC Heap History (2 events):
Event: 1.440 GC heap before
{Heap before GC invocations=0 (full 0):
 garbage-first heap   total 131072K, used 23552K [0x0000000081000000, 0x0000000100000000)
  region size 1024K, 24 young (24576K), 0 survivors (0K)
 Metaspace       used 13348K, capacity 13560K, committed 13696K, reserved 1062912K
  class space    used 1081K, capacity 1138K, committed 1152K, reserved 1048576K
}
Event: 1.446 GC heap after
{Heap after GC invocations=1 (full 0):
 garbage-first heap   total 131072K, used 2875K [0x0000000081000000, 0x0000000100000000)
  region size 1024K, 3 young (3072K), 3 survivors (3072K)
 Metaspace       used 13348K, capacity 13560K, committed 13696K, reserved 1062912K
  class space    used 1081K, capacity 1138K, committed 1152K, reserved 1048576K
}

Deoptimization events (10 events):
Event: 1.948 Thread 0x000001f3fbb9e800 Uncommon trap: reason=unstable_if action=reinterpret pc=0x000001f387ae1960 method=java.lang.StringLatin1.canEncode(I)Z @ 4 c2
Event: 1.949 Thread 0x000001f3fbb9e800 Uncommon trap: reason=unstable_if action=reinterpret pc=0x000001f387b25d5c method=java.lang.String.substring(II)Ljava/lang/String; @ 31 c2
Event: 1.950 Thread 0x000001f3fbb9e800 Uncommon trap: reason=unstable_if action=reinterpret pc=0x000001f387b46468 method=java.lang.StringLatin1.canEncode(I)Z @ 4 c2
Event: 1.951 Thread 0x000001f3fbb9e800 Uncommon trap: reason=unstable_if action=reinterpret pc=0x000001f387ada5c8 method=java.lang.String.isLatin1()Z @ 10 c2
Event: 1.968 Thread 0x000001f3fbb9e800 Uncommon trap: reason=unstable_fused_if action=reinterpret pc=0x000001f387b54118 method=sun.text.normalizer.Trie2_16.get(I)I @ 1 c2
Event: 2.012 Thread 0x000001f3fbb9e800 Uncommon trap: reason=unstable_if action=reinterpret pc=0x000001f387b35338 method=org.eclipse.jdt.launching.internal.org.objectweb.asm.MethodWriter.canCopyMethodAttributes(Lorg/eclipse/jdt/launching/internal/org/objectweb/asm/ClassReader;ZZIII)Z @ 60 c2
Event: 2.012 Thread 0x000001f3fbb9e800 Uncommon trap: reason=unstable_if action=reinterpret pc=0x000001f387b1fd20 method=org.eclipse.jdt.launching.internal.org.objectweb.asm.MethodWriter.canCopyMethodAttributes(Lorg/eclipse/jdt/launching/internal/org/objectweb/asm/ClassReader;ZZIII)Z @ 60 c2
Event: 2.013 Thread 0x000001f3fbb9e800 Uncommon trap: reason=unstable_if action=reinterpret pc=0x000001f387b4fdc0 method=org.eclipse.jdt.launching.internal.org.objectweb.asm.FieldWriter.putFieldInfo(Lorg/eclipse/jdt/launching/internal/org/objectweb/asm/ByteVector;)V @ 9 c2
Event: 2.013 Thread 0x000001f3fbb9e800 Uncommon trap: reason=unstable_if action=reinterpret pc=0x000001f387b42548 method=org.eclipse.jdt.launching.internal.org.objectweb.asm.MethodWriter.putMethodInfo(Lorg/eclipse/jdt/launching/internal/org/objectweb/asm/ByteVector;)V @ 9 c2
Event: 2.466 Thread 0x000001f3fbb9e800 Uncommon trap: reason=unstable_if action=reinterpret pc=0x000001f387b3e4bc method=java.io.WinNTFileSystem.normalize(Ljava/lang/String;)Ljava/lang/String; @ 128 c2

Classes redefined (0 events):
No events

Internal exceptions (10 events):
Event: 1.297 Thread 0x000001f3eb5cc000 Exception <a 'sun/nio/fs/WindowsException'{0x0000000087f87cc0}> (0x0000000087f87cc0) thrown at [./open/src/hotspot/share/prims/jni.cpp, line 611]
Event: 1.298 Thread 0x000001f3eb5cc000 Exception <a 'sun/nio/fs/WindowsException'{0x0000000087f87fa8}> (0x0000000087f87fa8) thrown at [./open/src/hotspot/share/prims/jni.cpp, line 611]
Event: 1.701 Thread 0x000001f3fbb9e800 Exception <a 'java/lang/NoSuchMethodError'{0x00000000880c7698}: java.lang.invoke.DirectMethodHandle$Holder.invokeSpecialIFC(Ljava/lang/Object;Ljava/lang/Object;I)I> (0x00000000880c7698) thrown at [./open/src/hotspot/share/interpreter/linkResolver.cpp, lin
Event: 1.751 Thread 0x000001f3fbb9e800 Exception <a 'sun/nio/fs/WindowsException'{0x0000000087e13408}> (0x0000000087e13408) thrown at [./open/src/hotspot/share/prims/jni.cpp, line 611]
Event: 1.751 Thread 0x000001f3fbb9e800 Exception <a 'sun/nio/fs/WindowsException'{0x0000000087e13790}> (0x0000000087e13790) thrown at [./open/src/hotspot/share/prims/jni.cpp, line 611]
Event: 1.849 Thread 0x000001f3fbb9e800 Exception <a 'sun/nio/fs/WindowsException'{0x0000000087d5c0c8}> (0x0000000087d5c0c8) thrown at [./open/src/hotspot/share/prims/jni.cpp, line 611]
Event: 1.849 Thread 0x000001f3fbb9e800 Exception <a 'sun/nio/fs/WindowsException'{0x0000000087d5c450}> (0x0000000087d5c450) thrown at [./open/src/hotspot/share/prims/jni.cpp, line 611]
Event: 2.220 Thread 0x000001f3fbb9e800 Exception <a 'java/lang/NoSuchMethodError'{0x00000000874f5748}: java.lang.invoke.DirectMethodHandle$Holder.invokeStaticInit(Ljava/lang/Object;IIII)Ljava/lang/Object;> (0x00000000874f5748) thrown at [./open/src/hotspot/share/interpreter/linkResolver.cpp, l
Event: 2.481 Thread 0x000001f3fbb9e800 Exception <a 'java/lang/NoSuchMethodError'{0x00000000873df838}: java.lang.invoke.DirectMethodHandle$Holder.invokeStaticInit(Ljava/lang/Object;Ljava/lang/Object;IIII)Ljava/lang/Object;> (0x00000000873df838) thrown at [./open/src/hotspot/share/interpreter/l
Event: 2.494 Thread 0x000001f3fbb9e800 Exception <a 'sun/nio/fs/WindowsException'{0x00000000872f0b18}> (0x00000000872f0b18) thrown at [./open/src/hotspot/share/prims/jni.cpp, line 611]

Events (10 events):
Event: 2.559 loading class imgui/type/ImInt done
Event: 2.563 loading class dk/sebsa/ironflask/engine/math/Time
Event: 2.563 loading class dk/sebsa/ironflask/engine/math/Time done
Event: 2.564 loading class java/util/IdentityHashMap$KeyIterator
Event: 2.564 loading class java/util/IdentityHashMap$IdentityHashMapIterator
Event: 2.565 loading class java/util/IdentityHashMap$IdentityHashMapIterator done
Event: 2.565 loading class java/util/IdentityHashMap$KeyIterator done
Event: 2.565 Executing VM operation: RevokeBias
Event: 2.565 Executing VM operation: RevokeBias done
Event: 2.565 Thread 0x000001f3fbb9e800 Thread exited: 0x000001f3fbb9e800


Dynamic libraries:
0x00007ff6e8360000 - 0x00007ff6e836f000 	C:\Program Files\Java\jdk-11.0.8\bin\javaw.exe
0x00007ffea35b0000 - 0x00007ffea37b0000 	C:\WINDOWS\SYSTEM32\ntdll.dll
0x00007ffea2330000 - 0x00007ffea23ed000 	C:\WINDOWS\System32\KERNEL32.DLL
0x00007ffea1040000 - 0x00007ffea13a6000 	C:\WINDOWS\System32\KERNELBASE.dll
0x00007ffe9d520000 - 0x00007ffe9d5b1000 	C:\WINDOWS\SYSTEM32\apphelp.dll
0x00007ffea1430000 - 0x00007ffea1540000 	C:\WINDOWS\System32\ucrtbase.dll
0x00007ffe96280000 - 0x00007ffe96298000 	C:\Program Files\Java\jdk-11.0.8\bin\jli.dll
0x00007ffe96260000 - 0x00007ffe96275000 	C:\Program Files\Java\jdk-11.0.8\bin\VCRUNTIME140.dll
0x00007ffea1540000 - 0x00007ffea15ec000 	C:\WINDOWS\System32\ADVAPI32.dll
0x00007ffea24e0000 - 0x00007ffea2583000 	C:\WINDOWS\System32\msvcrt.dll
0x00007ffea2760000 - 0x00007ffea27fe000 	C:\WINDOWS\System32\sechost.dll
0x00007ffea2590000 - 0x00007ffea26b3000 	C:\WINDOWS\System32\RPCRT4.dll
0x00007ffea2180000 - 0x00007ffea2326000 	C:\WINDOWS\System32\USER32.dll
0x00007ffe9fe30000 - 0x00007ffea00d5000 	C:\WINDOWS\WinSxS\amd64_microsoft.windows.common-controls_6595b64144ccf1df_6.0.21296.1000_none_58f553c05ff2768f\COMCTL32.dll
0x00007ffea0c60000 - 0x00007ffea0c86000 	C:\WINDOWS\System32\win32u.dll
0x00007ffea2800000 - 0x00007ffea2829000 	C:\WINDOWS\System32\GDI32.dll
0x00007ffea0f20000 - 0x00007ffea1031000 	C:\WINDOWS\System32\gdi32full.dll
0x00007ffe9d5e0000 - 0x00007ffe9d5ea000 	C:\WINDOWS\SYSTEM32\VERSION.dll
0x00007ffea0e80000 - 0x00007ffea0f20000 	C:\WINDOWS\System32\msvcp_win.dll
0x00007ffea26c0000 - 0x00007ffea26f1000 	C:\WINDOWS\System32\IMM32.DLL
0x00007ffe48fd0000 - 0x00007ffe4906b000 	C:\Program Files\Java\jdk-11.0.8\bin\msvcp140.dll
0x00007ffe16020000 - 0x00007ffe16b06000 	C:\Program Files\Java\jdk-11.0.8\bin\server\jvm.dll
0x00007ffea29b0000 - 0x00007ffea29b8000 	C:\WINDOWS\System32\PSAPI.DLL
0x00007ffe810d0000 - 0x00007ffe810d9000 	C:\WINDOWS\SYSTEM32\WSOCK32.dll
0x00007ffe99ab0000 - 0x00007ffe99ad7000 	C:\WINDOWS\SYSTEM32\WINMM.dll
0x00007ffea3180000 - 0x00007ffea31f1000 	C:\WINDOWS\System32\WS2_32.dll
0x00007ffe9ef60000 - 0x00007ffe9ef77000 	C:\WINDOWS\SYSTEM32\kernel.appcore.dll
0x00007ffe966b0000 - 0x00007ffe966c0000 	C:\Program Files\Java\jdk-11.0.8\bin\verify.dll
0x00007ffea0500000 - 0x00007ffea072b000 	C:\WINDOWS\SYSTEM32\DBGHELP.DLL
0x00007ffea03d0000 - 0x00007ffea0400000 	C:\WINDOWS\SYSTEM32\dbgcore.DLL
0x00007ffea13b0000 - 0x00007ffea1429000 	C:\WINDOWS\System32\bcryptPrimitives.dll
0x00007ffe95fd0000 - 0x00007ffe95ff8000 	C:\Program Files\Java\jdk-11.0.8\bin\java.dll
0x00007ffe96590000 - 0x00007ffe9659a000 	C:\Program Files\Java\jdk-11.0.8\bin\jimage.dll
0x00007ffe96220000 - 0x00007ffe96258000 	C:\Program Files\Java\jdk-11.0.8\bin\jdwp.dll
0x00007ffe96880000 - 0x00007ffe9688e000 	C:\Program Files\Java\jdk-11.0.8\bin\instrument.dll
0x00007ffe961c0000 - 0x00007ffe961d6000 	C:\Program Files\Java\jdk-11.0.8\bin\zip.dll
0x00007ffea2a30000 - 0x00007ffea317d000 	C:\WINDOWS\System32\SHELL32.dll
0x00007ffe9de70000 - 0x00007ffe9e6ba000 	C:\WINDOWS\SYSTEM32\windows.storage.dll
0x00007ffea1da0000 - 0x00007ffea2114000 	C:\WINDOWS\System32\combase.dll
0x00007ffea1730000 - 0x00007ffea181c000 	C:\WINDOWS\System32\SHCORE.dll
0x00007ffea1d40000 - 0x00007ffea1d9f000 	C:\WINDOWS\System32\shlwapi.dll
0x00007ffea0ad0000 - 0x00007ffea0af1000 	C:\WINDOWS\SYSTEM32\profapi.dll
0x00007ffe96210000 - 0x00007ffe9621a000 	C:\Program Files\Java\jdk-11.0.8\bin\dt_socket.dll
0x00007ffe9fc20000 - 0x00007ffe9fc88000 	C:\WINDOWS\System32\mswsock.dll
0x00007ffe9eb10000 - 0x00007ffe9ebf1000 	C:\WINDOWS\SYSTEM32\DNSAPI.dll
0x00007ffe9eaa0000 - 0x00007ffe9eacd000 	C:\WINDOWS\SYSTEM32\IPHLPAPI.DLL
0x00007ffea28b0000 - 0x00007ffea28b9000 	C:\WINDOWS\System32\NSI.dll
0x00007ffe97ea0000 - 0x00007ffe97f21000 	C:\WINDOWS\System32\fwpuclnt.dll
0x00007ffe92640000 - 0x00007ffe9264a000 	C:\Windows\System32\rasadhlp.dll
0x00007ffe95fb0000 - 0x00007ffe95fc9000 	C:\Program Files\Java\jdk-11.0.8\bin\net.dll
0x00007ffe997c0000 - 0x00007ffe998bf000 	C:\WINDOWS\SYSTEM32\WINHTTP.dll
0x00007ffe958e0000 - 0x00007ffe958f2000 	C:\Program Files\Java\jdk-11.0.8\bin\nio.dll
0x00007ffe92b10000 - 0x00007ffe92b74000 	C:\Users\seba2\AppData\Local\Temp\lwjglseba2\3.2.3-build-13\lwjgl.dll
0x00007ffe73b40000 - 0x00007ffe73ba2000 	C:\Users\seba2\AppData\Local\Temp\lwjglseba2\3.2.3-build-13\glfw.dll
0x00007ffe9d680000 - 0x00007ffe9d722000 	C:\WINDOWS\system32\uxtheme.dll
0x00007ffe64370000 - 0x00007ffe643b5000 	C:\WINDOWS\SYSTEM32\dinput8.dll
0x00007ffe93c50000 - 0x00007ffe93c61000 	C:\WINDOWS\SYSTEM32\xinput1_4.dll
0x00007ffea0870000 - 0x00007ffea089c000 	C:\WINDOWS\SYSTEM32\DEVOBJ.dll
0x00007ffea08a0000 - 0x00007ffea08ec000 	C:\WINDOWS\SYSTEM32\cfgmgr32.dll
0x00007ffe9da60000 - 0x00007ffe9da8f000 	C:\WINDOWS\SYSTEM32\dwmapi.dll
0x00007ffe77d20000 - 0x00007ffe77ecc000 	C:\WINDOWS\SYSTEM32\inputhost.dll
0x00007ffe9d290000 - 0x00007ffe9d3b7000 	C:\WINDOWS\SYSTEM32\CoreMessaging.dll
0x00007ffea3450000 - 0x00007ffea356c000 	C:\WINDOWS\System32\MSCTF.dll
0x00007ffe9e6c0000 - 0x00007ffe9e6cd000 	C:\WINDOWS\SYSTEM32\HID.DLL
0x00007ffea18d0000 - 0x00007ffea1d38000 	C:\WINDOWS\System32\SETUPAPI.DLL
0x00007ffea0e10000 - 0x00007ffea0e7a000 	C:\WINDOWS\System32\WINTRUST.dll
0x00007ffea0ca0000 - 0x00007ffea0e0b000 	C:\WINDOWS\System32\CRYPT32.dll
0x00007ffe9fc00000 - 0x00007ffe9fc12000 	C:\WINDOWS\SYSTEM32\MSASN1.dll
0x00007ffe351b0000 - 0x00007ffe352b1000 	C:\WINDOWS\SYSTEM32\opengl32.dll
0x00007ffe92a90000 - 0x00007ffe92abd000 	C:\WINDOWS\SYSTEM32\GLU32.dll
0x00007ffe9d7f0000 - 0x00007ffe9d828000 	C:\WINDOWS\SYSTEM32\dxcore.dll
0x00007ffea1820000 - 0x00007ffea18cf000 	C:\WINDOWS\System32\clbcatq.dll
0x00007ffe11fe0000 - 0x00007ffe14971000 	C:\WINDOWS\System32\DriverStore\FileRepository\nvaei.inf_amd64_ae450137397d2582\nvoglv64.dll
0x00007ffea15f0000 - 0x00007ffea1725000 	C:\WINDOWS\System32\ole32.dll
0x00007ffea28e0000 - 0x00007ffea29ae000 	C:\WINDOWS\System32\OLEAUT32.dll
0x00007ffe9d790000 - 0x00007ffe9d7a4000 	C:\WINDOWS\SYSTEM32\WTSAPI32.dll
0x00007ffe98870000 - 0x00007ffe988a1000 	C:\WINDOWS\SYSTEM32\cryptnet.dll
0x00007ffe9fcb0000 - 0x00007ffe9fcbc000 	C:\WINDOWS\SYSTEM32\cryptbase.dll
0x00007ffea0810000 - 0x00007ffea0844000 	C:\WINDOWS\SYSTEM32\ntmarta.dll
0x00007ffe80180000 - 0x00007ffe80439000 	C:\WINDOWS\system32\nvspcap64.dll
0x00007ffea04b0000 - 0x00007ffea04fd000 	C:\WINDOWS\SYSTEM32\powrprof.dll
0x00007ffea0110000 - 0x00007ffea0123000 	C:\WINDOWS\SYSTEM32\UMPDC.dll
0x00007ffe9ea20000 - 0x00007ffe9ea83000 	C:\WINDOWS\SYSTEM32\WINSTA.dll
0x00007ffe68390000 - 0x00007ffe683e9000 	C:\Users\seba2\AppData\Local\Temp\lwjglseba2\3.2.3-build-13\lwjgl_opengl.dll
0x00007ffe72f20000 - 0x00007ffe73037000 	C:\WINDOWS\SYSTEM32\textinputframework.dll
0x00007ffe9a010000 - 0x00007ffe9a37b000 	C:\WINDOWS\SYSTEM32\CoreUIComponents.dll
0x00007ffe5f220000 - 0x00007ffe5f2a9000 	E:\Games\Overwolf\0.168.0.12\OWExplorer.dll
0x00007ffe5ee10000 - 0x00007ffe5ee87000 	C:\Users\seba2\AppData\Local\Temp\lwjglseba2\3.2.3-build-13\lwjgl_stb.dll
0x00007ffe32770000 - 0x00007ffe3287b000 	C:\Users\seba2\AppData\Local\Temp\lwjglseba2\3.2.3-build-13\OpenAL.dll
0x00007ffe920b0000 - 0x00007ffe92148000 	C:\WINDOWS\System32\MMDevApi.dll
0x00007ffe6fe40000 - 0x00007ffe7000a000 	C:\WINDOWS\SYSTEM32\AUDIOSES.DLL
0x00007ffe9d960000 - 0x00007ffe9d975000 	C:\WINDOWS\SYSTEM32\resourcepolicyclient.dll
0x00007ffea0850000 - 0x00007ffea0868000 	C:\WINDOWS\SYSTEM32\CRYPTSP.dll
0x00007ffe9eec0000 - 0x00007ffe9eef5000 	C:\WINDOWS\system32\rsaenh.dll
0x00007ffe9fd70000 - 0x00007ffe9fd9e000 	C:\WINDOWS\SYSTEM32\USERENV.dll
0x00007ffea0480000 - 0x00007ffea04a7000 	C:\WINDOWS\SYSTEM32\bcrypt.dll
0x00007ffe9a380000 - 0x00007ffe9a399000 	C:\WINDOWS\SYSTEM32\dhcpcsvc6.DLL
0x00007ffe99dd0000 - 0x00007ffe99ded000 	C:\WINDOWS\SYSTEM32\dhcpcsvc.DLL
0x0000000064a00000 - 0x0000000064d11000 	C:\Users\seba2\AppData\Local\Temp\imgui-java-natives_1616761108510\imgui-java64.dll

dbghelp: loaded successfully - version: 4.0.5 - missing functions: none
symbol engine: initialized successfully - sym options: 0x614 - pdb path: .;C:\Program Files\Java\jdk-11.0.8\bin;C:\WINDOWS\SYSTEM32;C:\WINDOWS\WinSxS\amd64_microsoft.windows.common-controls_6595b64144ccf1df_6.0.21296.1000_none_58f553c05ff2768f;C:\Program Files\Java\jdk-11.0.8\bin\server;C:\Users\seba2\AppData\Local\Temp\lwjglseba2\3.2.3-build-13;C:\WINDOWS\System32\DriverStore\FileRepository\nvaei.inf_amd64_ae450137397d2582;E:\Games\Overwolf\0.168.0.12;C:\Users\seba2\AppData\Local\Temp\imgui-java-natives_1616761108510

VM Arguments:
jvm_args: -agentlib:jdwp=transport=dt_socket,suspend=y,address=localhost:62348 -javaagent:E:\Code\IDE\Eclipse-java-2020-09\eclipse\configuration\org.eclipse.osgi\893\0\.cp\lib\javaagent-shaded.jar -Dfile.encoding=UTF-8 
java_command: dk.sebsa.ironflask.sandbox.Main
java_class_path (initial): E:\Code\Ironflask\sandbox\target\classes;E:\Code\Ironflask\engine\target\classes;C:\Users\seba2\.m2\repository\org\lwjgl\lwjgl\3.2.3\lwjgl-3.2.3.jar;C:\Users\seba2\.m2\repository\org\lwjgl\lwjgl-glfw\3.2.3\lwjgl-glfw-3.2.3.jar;C:\Users\seba2\.m2\repository\org\lwjgl\lwjgl-nfd\3.2.3\lwjgl-nfd-3.2.3.jar;C:\Users\seba2\.m2\repository\org\lwjgl\lwjgl-openal\3.2.3\lwjgl-openal-3.2.3.jar;C:\Users\seba2\.m2\repository\org\lwjgl\lwjgl-opengl\3.2.3\lwjgl-opengl-3.2.3.jar;C:\Users\seba2\.m2\repository\org\lwjgl\lwjgl-stb\3.2.3\lwjgl-stb-3.2.3.jar;C:\Users\seba2\.m2\repository\org\lwjgl\lwjgl\3.2.3\lwjgl-3.2.3-natives-windows.jar;C:\Users\seba2\.m2\repository\org\lwjgl\lwjgl-glfw\3.2.3\lwjgl-glfw-3.2.3-natives-windows.jar;C:\Users\seba2\.m2\repository\org\lwjgl\lwjgl-nfd\3.2.3\lwjgl-nfd-3.2.3-natives-windows.jar;C:\Users\seba2\.m2\repository\org\lwjgl\lwjgl-openal\3.2.3\lwjgl-openal-3.2.3-natives-windows.jar;C:\Users\seba2\.m2\repository\org\lwjgl\lwjgl-opengl\3.2.3\lwjgl-opengl-3.2.3-natives-windows.jar;C:\Users\seba2\.m2\repository\org\lwjgl\lwjgl-stb\3.2.3\lwjgl-stb-3.2.3-natives-windows.jar;C:\Users\seba2\.m2\repository\org\joml\joml\1.10.0\joml-1.10.0.jar;C:\Users\seba2\.m2\repository\io\github\spair\imgui-java-app\1.81.1\imgui-java-app-1.81.1.jar;C:\Users\seba2\.m2\repository\org\lwjgl\lwjgl\3.2.3\lwjgl-3.2.3-natives-linux.jar;C:\Users\seba2\.m2\repository\org\lwjgl\lwjgl-glfw\3.2.3\lwjgl-glfw-3.2.3-natives-linux.jar;C:\Users\seba2\.m2\repository\org\lwjgl\lwjgl-opengl\3.2.3\lwjgl-opengl-3.2.3-natives-linux.jar;C:\Users\seba2\.m2\repository\org\lwjgl\lwjgl\3.2.3\lwjgl-3.2.3-natives-macos.jar;C:\Users\seba2\.m2\repository\org\lwjgl\lwjgl-glfw\3.2.3\lwjgl-glfw-3.2.3-natives-macos.jar;C:\Users\seba2\.m2\repository\org\lwjgl\lwjgl-opengl\3.2.3\lwjgl-opengl-3.2.3-natives-macos.jar;C:\Users\seba2\.m2\repository\io\github\spair\imgui-java-binding\1.81.1\imgui-java-binding-1.81.1.jar;C:\Users\seba2\.m2\repository\io\github\spair\imgui-java-lwjgl3\1.8
Launcher Type: SUN_STANDARD

[Global flags]
     intx CICompilerCount                          = 4                                         {product} {ergonomic}
     uint ConcGCThreads                            = 2                                         {product} {ergonomic}
     uint G1ConcRefinementThreads                  = 8                                         {product} {ergonomic}
   size_t G1HeapRegionSize                         = 1048576                                   {product} {ergonomic}
    uintx GCDrainStackTargetSize                   = 64                                        {product} {ergonomic}
   size_t InitialHeapSize                          = 134217728                                 {product} {ergonomic}
   size_t MarkStackSize                            = 4194304                                   {product} {ergonomic}
   size_t MaxHeapSize                              = 2130706432                                {product} {ergonomic}
   size_t MaxNewSize                               = 1278214144                                {product} {ergonomic}
   size_t MinHeapDeltaBytes                        = 1048576                                   {product} {ergonomic}
    uintx NonNMethodCodeHeapSize                   = 5836300                                {pd product} {ergonomic}
    uintx NonProfiledCodeHeapSize                  = 122910970                              {pd product} {ergonomic}
    uintx ProfiledCodeHeapSize                     = 122910970                              {pd product} {ergonomic}
    uintx ReservedCodeCacheSize                    = 251658240                              {pd product} {ergonomic}
     bool SegmentedCodeCache                       = true                                      {product} {ergonomic}
     bool UseCompressedClassPointers               = true                                 {lp64_product} {ergonomic}
     bool UseCompressedOops                        = true                                 {lp64_product} {ergonomic}
     bool UseG1GC                                  = true                                      {product} {ergonomic}
     bool UseLargePagesIndividualAllocation        = false                                  {pd product} {ergonomic}

Logging:
Log output configuration:
 #0: stdout all=warning uptime,level,tags
 #1: stderr all=off uptime,level,tags

Environment Variables:
JAVA_HOME=C:\Program Files\Java\jdk-11.0.8
PATH=C:/Program Files/Java/jdk-11.0.8/bin/server;C:/Program Files/Java/jdk-11.0.8/bin;C:\Program Files (x86)\Common Files\Oracle\Java\javapath;C:\Python39\Scripts\;C:\Python39\;E:\Code\FFMPEG\bin;C:\Windows\System32;C:\Program Files\Git\cmd;C:\Program Files\nodejs\;C:\ProgramData\chocolatey\bin;C:\Program Files\NVIDIA Corporation\NVIDIA NvDLISR;C:\Program Files\dotnet\;C:\Program Files\qemu;C:\Gradle\bin;;C:\Program Files\CMake\bin;E:\Code\sdk\LLVM\bin;C:\Program Files\Docker\Docker\resources\bin;C:\ProgramData\DockerDesktop\version-bin;C:\Users\seba2\AppData\Local\Programs\Python\Python37\Scripts\;C:\Users\seba2\AppData\Local\Programs\Python\Python37\;C:\Users\seba2\AppData\Local\Microsoft\WindowsApps;C:\Users\seba2\AppData\Roaming\Dashlane\5.14.0.21388\bin\Firefox_Extension\{442718d9-475e-452a-b3e1-fb1ee16b8e9f}\components;C:\Users\seba2\AppData\Roaming\Dashlane\5.14.0.21388\ucrt;C:\Users\seba2\AppData\Local\atom\bin;C:\Users\seba2\AppData\Local\GitHubDesktop\bin;C:\Users\seba2\AppData\Local\Programs\Microsoft VS Code\bin;C:\Program Files\JetBrains\PyCharm Community Edition 2018.3.5\bin;C:\Program Files\JetBrains\IntelliJ IDEA Community Edition 2019.2\bin;C:\Users\seba2\.dotnet\tools;C:\Users\seba2\AppData\Local\Microsoft\WindowsApps;C:\Users\seba2\AppData\Local\BeefLang\bin;E:\apache-maven-3.6.3\bin;E:\Code\sdk\flutter\bin\;C:\Program Files\Java\jdk-11.0.8\bin;C:\Program Files\heroku\bin;C:\Users\seba2\.dotnet\tools;E:\Code\sdk\gradle\bin;C:\Users\seba2\AppData\Local\gitkraken\bin;C:\Users\seba2\AppData\Roaming\npm;C:\Program Files\Docker\Docker\resources\bin;C:\Program Files\qemu;C:\WINDOWS\System32\WindowsPowerShell\v1.0\;C:\Gradle\bin;C:\Users\seba2\.dotnet\tools;E:\Code\sdk\Depot_tools;E:\Code\sdk\llvm\bin;;C:\WINDOWS\System32;
USERNAME=seba2
OS=Windows_NT
PROCESSOR_IDENTIFIER=AMD64 Family 23 Model 1 Stepping 1, AuthenticAMD



---------------  S Y S T E M  ---------------

OS: Windows 10 , 64 bit Build 21296 (10.0.21296.1000)
HyperV virtualization detected

CPU:total 8 (initial active 8) (8 cores per cpu, 2 threads per core) family 23 model 1 stepping 1, cmov, cx8, fxsr, mmx, sse, sse2, sse3, ssse3, sse4.1, sse4.2, popcnt, avx, avx2, aes, clmul, mmxext, 3dnowpref, lzcnt, sse4a, ht, tsc, tscinvbit, tscinv, bmi1, bmi2, adx, sha, fma

Memory: 4k page, system-wide physical 8126M (1952M free)
TotalPageFile size 21438M (AvailPageFile size 10905M)
current process WorkingSet (physical memory assigned to process): 175M, peak: 206M
current process commit charge ("private bytes"): 329M, peak: 361M

vm_info: Java HotSpot(TM) 64-Bit Server VM (11.0.8+10-LTS) for windows-amd64 JRE (11.0.8+10-LTS), built on Jun 16 2020 05:53:08 by "mach5one" with unknown MS VC++:1916

END.
